\BOOKMARK [0][-]{chapter*.1}{\376\377\000D\000a\000n\000h\000\040\000s\000\341\000c\000h\000\040\000h\000\354\000n\000h\000\040\000v\036\275}{}% 1
\BOOKMARK [0][-]{chapter.1}{\376\377\000G\000I\036\332\000I\000\040\000T\000H\000I\036\306\000U}{}% 2
\BOOKMARK [0][-]{chapter.2}{\376\377\000C\000\301\000C\000\040\000C\000\324\000N\000G\000\040\000T\000R\000\314\000N\000H\000\040\000L\000I\000\312\000N\000\040\000Q\000U\000A\000N}{}% 3
\BOOKMARK [0][-]{chapter.3}{\376\377\000C\001\240\000\040\000S\036\336\000\040\000L\000\335\000\040\000T\000H\000U\000Y\036\276\000T}{}% 4
\BOOKMARK [1][-]{section.3.1}{\376\377\000L\000\375\000\040\000t\000h\000u\000y\036\277\000t\000\040\000n\000h\000\363\000m}{chapter.3}% 5
\BOOKMARK [1][-]{section.3.2}{\376\377\000L\000\375\000\040\000t\000h\000u\000y\036\277\000t\000\040\000b\000i\036\303\000u\000\040\000d\000i\036\305\000n}{chapter.3}% 6
\BOOKMARK [1][-]{section.3.3}{\376\377\000K\000h\000\341\000i\000\040\000n\000i\036\307\000m\000\040\000v\036\301\000\040\000e\000q\000u\000i\000v\000a\000r\000i\000a\000n\000c\000e}{chapter.3}% 7
\BOOKMARK [1][-]{section.3.4}{\376\377\000T\000e\000n\000s\000o\000r\000\040\000f\000i\000e\000l\000d\000\040\000n\000e\000t\000w\000o\000r\000k\000s}{chapter.3}% 8
\BOOKMARK [2][-]{subsection.3.4.1}{\376\377\000P\000e\000r\000m\000u\000t\000a\000t\000i\000o\000n\000\040\000e\000q\000u\000i\000v\000a\000r\000i\000a\000n\000c\000e}{section.3.4}% 9
\BOOKMARK [2][-]{subsection.3.4.2}{\376\377\000T\000r\000a\000n\000s\000l\000a\000t\000i\000o\000n\000\040\000e\000q\000u\000i\000v\000a\000r\000i\000a\000n\000c\000e}{section.3.4}% 10
\BOOKMARK [2][-]{subsection.3.4.3}{\376\377\000R\000o\000t\000a\000t\000i\000o\000n\000\040\000e\000q\000u\000i\000v\000a\000r\000i\000a\000n\000c\000e}{section.3.4}% 11
\BOOKMARK [2][-]{subsection.3.4.4}{\376\377\000C\036\245\000u\000\040\000t\000r\000\372\000c\000\040\000c\036\347\000a\000\040\000c\000\341\000c\000\040\000l\036\333\000p\000\040\000T\000F\000N}{section.3.4}% 12
\BOOKMARK [3][-]{subsubsection.3.4.4.1}{\376\377\000P\000o\000i\000n\000t\000\040\000c\000o\000n\000v\000o\000l\000u\000t\000i\000o\000n}{subsection.3.4.4}% 13
\BOOKMARK [3][-]{subsubsection.3.4.4.2}{\376\377\001\020\036\313\000n\000h\000\040\000n\000g\000h\001\051\000a\000\040\000c\036\245\000u\000\040\000t\000r\000\372\000c\000\040\000c\036\347\000a\000\040\000l\000a\000y\000e\000r}{subsection.3.4.4}% 14
\BOOKMARK [3][-]{subsubsection.3.4.4.3}{\376\377\000S\000e\000l\000f\000-\000i\000n\000t\000e\000r\000a\000c\000t\000i\000o\000n}{subsection.3.4.4}% 15
\BOOKMARK [3][-]{subsubsection.3.4.4.4}{\376\377\000N\000o\000n\000l\000i\000n\000e\000a\000r\000i\000t\000y}{subsection.3.4.4}% 16
\BOOKMARK [0][-]{chapter.4}{\376\377\000G\000E\000O\000M\000E\000T\000R\000I\000C\000\040\000D\000E\000E\000P\000\040\000L\000E\000A\000R\000N\000I\000N\000G}{}% 17
\BOOKMARK [1][-]{section.4.1}{\376\377\000T\036\325\000n\000g\000\040\000q\000u\000a\000n\000\040\000v\036\301\000\040\000g\000e\000o\000m\000e\000t\000r\000i\000c\000\040\000d\000e\000e\000p\000\040\000l\000e\000a\000r\000n\000i\000n\000g}{chapter.4}% 18
\BOOKMARK [2][-]{subsection.4.1.1}{\376\377\000M\036\241\000n\000g\000\040\000n\001\241\000-\000r\000o\000n\000\040\001\021\036\323\000\040\000t\000h\036\313\000\040\000v\000\340\000\040\000t\000i\036\301\000n\000\040\000t\000h\000\342\000n\000\040\000h\000\363\000a\000\040\000h\036\315\000c\000\040\000c\036\347\000a\000\040\000c\000h\000\372\000n\000g}{section.4.1}% 19
\BOOKMARK [2][-]{subsection.4.1.2}{\376\377\000C\000\341\000c\000\040\000d\036\357\000\040\000l\000i\036\307\000u\000\040\000t\000r\000o\000n\000g\000\040\000G\000D\000L}{section.4.1}% 20
\BOOKMARK [2][-]{subsection.4.1.3}{\376\377\000D\036\357\000\040\000l\000i\036\307\000u\000\040\001\021\036\323\000\040\000t\000h\036\313}{section.4.1}% 21
\BOOKMARK [2][-]{subsection.4.1.4}{\376\377\000D\036\357\000\040\000l\000i\036\307\000u\000\040\001\021\000a\000\040\000t\036\241\000p}{section.4.1}% 22
\BOOKMARK [2][-]{subsection.4.1.5}{\376\377\000D\036\357\000\040\000l\000i\036\307\000u\000\040\000d\036\241\000n\000g\000\040\000g\000r\000i\000d}{section.4.1}% 23
\BOOKMARK [2][-]{subsection.4.1.6}{\376\377\000C\000o\000n\000v\000o\000l\000u\000t\000i\000o\000n\000\040\000v\000\340\000\040\000t\000\355\000n\000h\000\040\000e\000q\000u\000i\000v\000a\000r\000i\000n\000t\000\040\000c\036\347\000a\000\040\000n\000\363\000\040\000v\036\333\000i\000\040\000p\000h\000\351\000p\000\040\000d\036\313\000c\000h\000\040\000c\000h\000u\000y\036\303\000n}{section.4.1}% 24
\BOOKMARK [2][-]{subsection.4.1.7}{\376\377\000M\000\364\000\040\000h\000\354\000n\000h\000\040\000h\000\363\000a\000\040\000c\000o\000n\000v\000o\000l\000u\000t\000i\000o\000n\000\040\000c\000h\000o\000\040\000k\000h\000\364\000n\000g\000\040\000g\000i\000a\000n\000\040\000t\036\325\000n\000g\000\040\000q\000u\000\341\000t}{section.4.1}% 25
\BOOKMARK [3][-]{subsubsection.4.1.7.1}{\376\377\000T\000\355\000c\000h\000\040\000c\000h\036\255\000p\000\040\000t\000r\000\352\000n\000\040\000m\000i\036\301\000n\000\040\000s\036\321\000\040\000t\000h\036\361\000c}{subsection.4.1.7}% 26
\BOOKMARK [3][-]{subsubsection.4.1.7.2}{\376\377\000T\000\355\000c\000h\000\040\000c\000h\036\255\000p\000\040\000t\000r\000\352\000n\000\040\000m\036\267\000t\000\040\000c\036\247\000u}{subsection.4.1.7}% 27
\BOOKMARK [3][-]{subsubsection.4.1.7.3}{\376\377\000T\000\355\000c\000h\000\040\000c\000h\036\255\000p\000\040\000c\000h\000o\000\040\001\021\000a\000\040\000t\036\241\000p}{subsection.4.1.7}% 28
\BOOKMARK [1][-]{section.4.2}{\376\377\000G\000e\000o\000m\000e\000t\000r\000i\000c\000\040\000D\000e\000e\000p\000\040\000l\000e\000a\000r\000n\000i\000n\000g\000\040\000c\000h\000o\000\040\000A\000M\000R\000\040\000t\000r\000o\000n\000g\000\040\000N\000L\000P}{chapter.4}% 29
\BOOKMARK [0][-]{chapter.5}{\376\377\000P\000h\000\342\000n\000\040\000l\000o\036\241\000i\000\040\000h\000\354\000n\000h\000\040\0003\000D\000\040\000s\036\355\000\040\000d\036\345\000n\000g\000\040\000T\000F\000N}{}% 30
\BOOKMARK [1][-]{section.5.1}{\376\377\000T\036\325\000n\000g\000\040\000q\000u\000a\000n\000\040\000b\000\340\000i\000\040\000t\000o\000\341\000n}{chapter.5}% 31
\BOOKMARK [1][-]{section.5.2}{\376\377\000D\036\357\000\040\000l\000i\036\307\000u\000\040\000s\036\355\000\040\000d\036\345\000n\000g}{chapter.5}% 32
\BOOKMARK [1][-]{section.5.3}{\376\377\000P\000h\001\260\001\241\000n\000g\000\040\000p\000h\000\341\000p\000\040\000t\000h\036\361\000c\000\040\000n\000g\000h\000i\036\307\000m}{chapter.5}% 33
\BOOKMARK [1][-]{section.5.4}{\376\377\000K\036\277\000t\000\040\000q\000u\036\243\000\040\000t\000h\036\361\000c\000\040\000n\000g\000h\000i\036\307\000m\000\040\000v\000\340\000\040\001\021\000\341\000n\000h\000\040\000g\000i\000\341}{chapter.5}% 34
\BOOKMARK [0][-]{chapter.6}{\376\377\000K\036\276\000T\000\040\000L\000U\036\254\000N}{}% 35
\BOOKMARK [0][-]{chapter.6}{\376\377\000T\000\300\000I\000\040\000L\000I\036\306\000U\000\040\000T\000H\000A\000M\000\040\000K\000H\036\242\000O}{}% 36
