This is pdfTeX, Version 3.141592653-2.6-1.40.25 (MiKTeX 24.1) (preloaded format=pdflatex 2024.8.19)  20 AUG 2024 18:04
entering extended mode
 restricted \write18 enabled.
 file:line:error style messages enabled.
 %&-line parsing enabled.
**c:/Users/tam/Downloads/thuc_tap/latext_thuc_tap/main_New.tex
(c:/Users/tam/Downloads/thuc_tap/latext_thuc_tap/main_New.tex
LaTeX2e <2023-11-01> patch level 1
L3 programming layer <2024-01-04>
(C:\D\latex\mike_tex\tex/latex/base\report.cls
Document Class: report 2023/05/17 v1.4n Standard LaTeX document class
(C:\D\latex\mike_tex\tex/latex/base\size12.clo
File: size12.clo 2023/05/17 v1.4n Standard LaTeX file (size option)
)
\c@part=\count187
\c@chapter=\count188
\c@section=\count189
\c@subsection=\count190
\c@subsubsection=\count191
\c@paragraph=\count192
\c@subparagraph=\count193
\c@figure=\count194
\c@table=\count195
\abovecaptionskip=\skip48
\belowcaptionskip=\skip49
\bibindent=\dimen140
) (C:\D\latex\mike_tex\tex/latex/pdfpages\pdfpages.sty
Package: pdfpages 2024/05/29 v0.6a Insert pages of external PDF documents (AM)
 (C:\D\latex\mike_tex\tex/latex/base\ifthen.sty
Package: ifthen 2022/04/13 v1.1d Standard LaTeX ifthen package (DPC)
) (C:\D\latex\mike_tex\tex/latex/tools\calc.sty
Package: calc 2023/07/08 v4.3 Infix arithmetic (KKT,FJ)
\calc@Acount=\count196
\calc@Bcount=\count197
\calc@Adimen=\dimen141
\calc@Bdimen=\dimen142
\calc@Askip=\skip50
\calc@Bskip=\skip51
LaTeX Info: Redefining \setlength on input line 80.
LaTeX Info: Redefining \addtolength on input line 81.
\calc@Ccount=\count198
\calc@Cskip=\skip52
) (C:\D\latex\mike_tex\tex/latex/eso-pic\eso-pic.sty
Package: eso-pic 2023/05/03 v3.0c eso-pic (RN)
\ESO@tempdima=\dimen143
\ESO@tempdimb=\dimen144
 (C:\D\latex\mike_tex\tex/latex/graphics\keyval.sty
Package: keyval 2022/05/29 v1.15 key=value parser (DPC)
\KV@toks@=\toks17
) (C:\D\latex\mike_tex\tex/latex/xcolor\xcolor.sty
Package: xcolor 2023/11/15 v3.01 LaTeX color extensions (UK)
 (C:\D\latex\mike_tex\tex/latex/graphics-cfg\color.cfg
File: color.cfg 2016/01/02 v1.6 sample color configuration
)
Package xcolor Info: Driver file: pdftex.def on input line 274.
 (C:\D\latex\mike_tex\tex/latex/graphics-def\pdftex.def
File: pdftex.def 2022/09/22 v1.2b Graphics/color driver for pdftex
) (C:\D\latex\mike_tex\tex/latex/graphics\mathcolor.ltx)
Package xcolor Info: Model `cmy' substituted by `cmy0' on input line 1350.
Package xcolor Info: Model `hsb' substituted by `rgb' on input line 1354.
Package xcolor Info: Model `RGB' extended on input line 1366.
Package xcolor Info: Model `HTML' substituted by `rgb' on input line 1368.
Package xcolor Info: Model `Hsb' substituted by `hsb' on input line 1369.
Package xcolor Info: Model `tHsb' substituted by `hsb' on input line 1370.
Package xcolor Info: Model `HSB' substituted by `hsb' on input line 1371.
Package xcolor Info: Model `Gray' substituted by `gray' on input line 1372.
Package xcolor Info: Model `wave' substituted by `hsb' on input line 1373.
)) (C:\D\latex\mike_tex\tex/latex/graphics\graphicx.sty
Package: graphicx 2021/09/16 v1.2d Enhanced LaTeX Graphics (DPC,SPQR)
 (C:\D\latex\mike_tex\tex/latex/graphics\graphics.sty
Package: graphics 2022/03/10 v1.4e Standard LaTeX Graphics (DPC,SPQR)
 (C:\D\latex\mike_tex\tex/latex/graphics\trig.sty
Package: trig 2021/08/11 v1.11 sin cos tan (DPC)
) (C:\D\latex\mike_tex\tex/latex/graphics-cfg\graphics.cfg
File: graphics.cfg 2016/06/04 v1.11 sample graphics configuration
)
Package graphics Info: Driver file: pdftex.def on input line 107.
)
\Gin@req@height=\dimen145
\Gin@req@width=\dimen146
)
\AM@pagewidth=\dimen147
\AM@pageheight=\dimen148
\AM@fboxrule=\dimen149
 (C:\D\latex\mike_tex\tex/latex/pdfpages\pppdftex.def
File: pppdftex.def 2024/05/29 v0.6a Pdfpages driver for pdfTeX (AM)
)
\pdfpages@includegraphics@status=\count199
\AM@pagebox=\box51
\AM@global@opts=\toks18
\AM@pagecnt=\count266
\AM@toc@title=\toks19
\AM@lof@heading=\toks20
\c@AM@survey=\count267
\AM@templatesizebox=\box52
) (C:\D\latex\mike_tex\tex/latex/koma-script\scrextend.sty
Package: scrextend 2023/07/07 v3.41 KOMA-Script package (extend other classes with features of KOMA-Script classes)
 (C:\D\latex\mike_tex\tex/latex/koma-script\scrkbase.sty
Package: scrkbase 2023/07/07 v3.41 KOMA-Script package (KOMA-Script-dependent basics and keyval usage)
 (C:\D\latex\mike_tex\tex/latex/koma-script\scrbase.sty
Package: scrbase 2023/07/07 v3.41 KOMA-Script package (KOMA-Script-independent basics and keyval usage)
 (C:\D\latex\mike_tex\tex/latex/koma-script\scrlfile.sty
Package: scrlfile 2023/07/07 v3.41 KOMA-Script package (file load hooks)
 (C:\D\latex\mike_tex\tex/latex/koma-script\scrlfile-hook.sty
Package: scrlfile-hook 2023/07/07 v3.41 KOMA-Script package (using LaTeX hooks)
 (C:\D\latex\mike_tex\tex/latex/koma-script\scrlogo.sty
Package: scrlogo 2023/07/07 v3.41 KOMA-Script package (logo)
)))
Applying: [2021/05/01] Usage of raw or classic option list on input line 252.
Already applied: [0000/00/00] Usage of raw or classic option list on input line 368.
))) (C:\D\latex\mike_tex\tex/latex/setspace\setspace.sty
Package: setspace 2022/12/04 v6.7b set line spacing
) (C:\D\latex\mike_tex\tex/latex/base\inputenc.sty
Package: inputenc 2021/02/14 v1.3d Input encoding file
\inpenc@prehook=\toks21
\inpenc@posthook=\toks22
) (C:\D\latex\mike_tex\tex/latex/vntex\vietnam.sty
Package: vietnam 2009/07/12 v1.3 support for Vietnamese
 (C:\D\latex\mike_tex\tex/latex/base\fontenc.sty
Package: fontenc 2021/04/29 v2.0v Standard LaTeX package
 (C:\D\latex\mike_tex\tex/latex/vntex\t5enc.def
File: t5enc.def 2006/11/21 v1.4 Vietnamese T5 encoding
Now handling font encoding T5 ...
... processing UTF-8 mapping file for font encoding T5
 (C:\D\latex\mike_tex\tex/latex/vntex\t5enc.dfu
File: t5enc.dfu 2006/08/19 v1.1 UTF8 support for Vietnamese
   defining Unicode char U+00AB (decimal 171)
   defining Unicode char U+00BB (decimal 187)
   defining Unicode char U+00C0 (decimal 192)
   defining Unicode char U+00C1 (decimal 193)
   defining Unicode char U+00C2 (decimal 194)
   defining Unicode char U+00C3 (decimal 195)
   defining Unicode char U+00C8 (decimal 200)
   defining Unicode char U+00C9 (decimal 201)
   defining Unicode char U+00CA (decimal 202)
   defining Unicode char U+00CC (decimal 204)
   defining Unicode char U+00CD (decimal 205)
   defining Unicode char U+00D2 (decimal 210)
   defining Unicode char U+00D3 (decimal 211)
   defining Unicode char U+00D4 (decimal 212)
   defining Unicode char U+00D5 (decimal 213)
   defining Unicode char U+00D9 (decimal 217)
   defining Unicode char U+00DA (decimal 218)
   defining Unicode char U+00DD (decimal 221)
   defining Unicode char U+00E0 (decimal 224)
   defining Unicode char U+00E1 (decimal 225)
   defining Unicode char U+00E2 (decimal 226)
   defining Unicode char U+00E3 (decimal 227)
   defining Unicode char U+00E8 (decimal 232)
   defining Unicode char U+00E9 (decimal 233)
   defining Unicode char U+00EA (decimal 234)
   defining Unicode char U+00EC (decimal 236)
   defining Unicode char U+00ED (decimal 237)
   defining Unicode char U+00F2 (decimal 242)
   defining Unicode char U+00F3 (decimal 243)
   defining Unicode char U+00F4 (decimal 244)
   defining Unicode char U+00F5 (decimal 245)
   defining Unicode char U+00F9 (decimal 249)
   defining Unicode char U+00FA (decimal 250)
   defining Unicode char U+00FD (decimal 253)
   defining Unicode char U+0102 (decimal 258)
   defining Unicode char U+0103 (decimal 259)
   defining Unicode char U+0110 (decimal 272)
   defining Unicode char U+0111 (decimal 273)
   defining Unicode char U+0128 (decimal 296)
   defining Unicode char U+0129 (decimal 297)
   defining Unicode char U+0131 (decimal 305)
   defining Unicode char U+0168 (decimal 360)
   defining Unicode char U+0169 (decimal 361)
   defining Unicode char U+01A0 (decimal 416)
   defining Unicode char U+01A1 (decimal 417)
   defining Unicode char U+01AF (decimal 431)
   defining Unicode char U+01B0 (decimal 432)
   defining Unicode char U+1EA0 (decimal 7840)
   defining Unicode char U+1EA1 (decimal 7841)
   defining Unicode char U+1EA2 (decimal 7842)
   defining Unicode char U+1EA3 (decimal 7843)
   defining Unicode char U+1EA4 (decimal 7844)
   defining Unicode char U+1EA5 (decimal 7845)
   defining Unicode char U+1EA6 (decimal 7846)
   defining Unicode char U+1EA7 (decimal 7847)
   defining Unicode char U+1EA8 (decimal 7848)
   defining Unicode char U+1EA9 (decimal 7849)
   defining Unicode char U+1EAA (decimal 7850)
   defining Unicode char U+1EAB (decimal 7851)
   defining Unicode char U+1EAC (decimal 7852)
   defining Unicode char U+1EAD (decimal 7853)
   defining Unicode char U+1EAE (decimal 7854)
   defining Unicode char U+1EAF (decimal 7855)
   defining Unicode char U+1EB0 (decimal 7856)
   defining Unicode char U+1EB1 (decimal 7857)
   defining Unicode char U+1EB2 (decimal 7858)
   defining Unicode char U+1EB3 (decimal 7859)
   defining Unicode char U+1EB4 (decimal 7860)
   defining Unicode char U+1EB5 (decimal 7861)
   defining Unicode char U+1EB6 (decimal 7862)
   defining Unicode char U+1EB7 (decimal 7863)
   defining Unicode char U+1EB8 (decimal 7864)
   defining Unicode char U+1EB9 (decimal 7865)
   defining Unicode char U+1EBA (decimal 7866)
   defining Unicode char U+1EBB (decimal 7867)
   defining Unicode char U+1EBC (decimal 7868)
   defining Unicode char U+1EBD (decimal 7869)
   defining Unicode char U+1EBE (decimal 7870)
   defining Unicode char U+1EBF (decimal 7871)
   defining Unicode char U+1EC0 (decimal 7872)
   defining Unicode char U+1EC1 (decimal 7873)
   defining Unicode char U+1EC2 (decimal 7874)
   defining Unicode char U+1EC3 (decimal 7875)
   defining Unicode char U+1EC4 (decimal 7876)
   defining Unicode char U+1EC5 (decimal 7877)
   defining Unicode char U+1EC6 (decimal 7878)
   defining Unicode char U+1EC7 (decimal 7879)
   defining Unicode char U+1EC8 (decimal 7880)
   defining Unicode char U+1EC9 (decimal 7881)
   defining Unicode char U+1ECA (decimal 7882)
   defining Unicode char U+1ECB (decimal 7883)
   defining Unicode char U+1ECC (decimal 7884)
   defining Unicode char U+1ECD (decimal 7885)
   defining Unicode char U+1ECE (decimal 7886)
   defining Unicode char U+1ECF (decimal 7887)
   defining Unicode char U+1ED0 (decimal 7888)
   defining Unicode char U+1ED1 (decimal 7889)
   defining Unicode char U+1ED2 (decimal 7890)
   defining Unicode char U+1ED3 (decimal 7891)
   defining Unicode char U+1ED4 (decimal 7892)
   defining Unicode char U+1ED5 (decimal 7893)
   defining Unicode char U+1ED6 (decimal 7894)
   defining Unicode char U+1ED7 (decimal 7895)
   defining Unicode char U+1ED8 (decimal 7896)
   defining Unicode char U+1ED9 (decimal 7897)
   defining Unicode char U+1EDA (decimal 7898)
   defining Unicode char U+1EDB (decimal 7899)
   defining Unicode char U+1EDC (decimal 7900)
   defining Unicode char U+1EDD (decimal 7901)
   defining Unicode char U+1EDE (decimal 7902)
   defining Unicode char U+1EDF (decimal 7903)
   defining Unicode char U+1EE0 (decimal 7904)
   defining Unicode char U+1EE1 (decimal 7905)
   defining Unicode char U+1EE2 (decimal 7906)
   defining Unicode char U+1EE3 (decimal 7907)
   defining Unicode char U+1EE4 (decimal 7908)
   defining Unicode char U+1EE5 (decimal 7909)
   defining Unicode char U+1EE6 (decimal 7910)
   defining Unicode char U+1EE7 (decimal 7911)
   defining Unicode char U+1EE8 (decimal 7912)
   defining Unicode char U+1EE9 (decimal 7913)
   defining Unicode char U+1EEA (decimal 7914)
   defining Unicode char U+1EEB (decimal 7915)
   defining Unicode char U+1EEC (decimal 7916)
   defining Unicode char U+1EED (decimal 7917)
   defining Unicode char U+1EEE (decimal 7918)
   defining Unicode char U+1EEF (decimal 7919)
   defining Unicode char U+1EF0 (decimal 7920)
   defining Unicode char U+1EF1 (decimal 7921)
   defining Unicode char U+1EF2 (decimal 7922)
   defining Unicode char U+1EF3 (decimal 7923)
   defining Unicode char U+1EF4 (decimal 7924)
   defining Unicode char U+1EF5 (decimal 7925)
   defining Unicode char U+1EF6 (decimal 7926)
   defining Unicode char U+1EF7 (decimal 7927)
   defining Unicode char U+1EF8 (decimal 7928)
   defining Unicode char U+1EF9 (decimal 7929)
   defining Unicode char U+200C (decimal 8204)
   defining Unicode char U+2013 (decimal 8211)
   defining Unicode char U+2014 (decimal 8212)
   defining Unicode char U+2018 (decimal 8216)
   defining Unicode char U+2019 (decimal 8217)
   defining Unicode char U+201A (decimal 8218)
   defining Unicode char U+201C (decimal 8220)
   defining Unicode char U+201D (decimal 8221)
   defining Unicode char U+201E (decimal 8222)
   defining Unicode char U+2030 (decimal 8240)
   defining Unicode char U+2031 (decimal 8241)
   defining Unicode char U+2039 (decimal 8249)
   defining Unicode char U+203A (decimal 8250)
   defining Unicode char U+2423 (decimal 9251)
))
LaTeX Font Info:    Trying to load font information for T5+cmr on input line 112.
 (C:\D\latex\mike_tex\tex/latex/vntex\t5cmr.fd
File: t5cmr.fd 1999/05/25 v2.5h Standard LaTeX font definitions
)) (C:\D\latex\mike_tex\tex/latex/vntex\vncaps.tex
File: vncaps.tex 2006/06/07 v1.1 Captions in Vietnamese
)) (C:\D\latex\mike_tex\tex/latex/hyperref\hyperref.sty
Package: hyperref 2023-11-26 v7.01g Hypertext links for LaTeX
 (C:\D\latex\mike_tex\tex/generic/iftex\iftex.sty
Package: iftex 2022/02/03 v1.0f TeX engine tests
) (C:\D\latex\mike_tex\tex/generic/infwarerr\infwarerr.sty
Package: infwarerr 2019/12/03 v1.5 Providing info/warning/error messages (HO)
) (C:\D\latex\mike_tex\tex/latex/kvsetkeys\kvsetkeys.sty
Package: kvsetkeys 2022-10-05 v1.19 Key value parser (HO)
) (C:\D\latex\mike_tex\tex/generic/kvdefinekeys\kvdefinekeys.sty
Package: kvdefinekeys 2019-12-19 v1.6 Define keys (HO)
) (C:\D\latex\mike_tex\tex/generic/pdfescape\pdfescape.sty
Package: pdfescape 2019/12/09 v1.15 Implements pdfTeX's escape features (HO)
 (C:\D\latex\mike_tex\tex/generic/ltxcmds\ltxcmds.sty
Package: ltxcmds 2023-12-04 v1.26 LaTeX kernel commands for general use (HO)
) (C:\D\latex\mike_tex\tex/generic/pdftexcmds\pdftexcmds.sty
Package: pdftexcmds 2020-06-27 v0.33 Utility functions of pdfTeX for LuaTeX (HO)
Package pdftexcmds Info: \pdf@primitive is available.
Package pdftexcmds Info: \pdf@ifprimitive is available.
Package pdftexcmds Info: \pdfdraftmode found.
)) (C:\D\latex\mike_tex\tex/latex/hycolor\hycolor.sty
Package: hycolor 2020-01-27 v1.10 Color options for hyperref/bookmark (HO)
) (C:\D\latex\mike_tex\tex/latex/letltxmacro\letltxmacro.sty
Package: letltxmacro 2019/12/03 v1.6 Let assignment for LaTeX macros (HO)
) (C:\D\latex\mike_tex\tex/latex/auxhook\auxhook.sty
Package: auxhook 2019-12-17 v1.6 Hooks for auxiliary files (HO)
) (C:\D\latex\mike_tex\tex/latex/hyperref\nameref.sty
Package: nameref 2023-11-26 v2.56 Cross-referencing by name of section
 (C:\D\latex\mike_tex\tex/latex/refcount\refcount.sty
Package: refcount 2019/12/15 v3.6 Data extraction from label references (HO)
) (C:\D\latex\mike_tex\tex/generic/gettitlestring\gettitlestring.sty
Package: gettitlestring 2019/12/15 v1.6 Cleanup title references (HO)
 (C:\D\latex\mike_tex\tex/latex/kvoptions\kvoptions.sty
Package: kvoptions 2022-06-15 v3.15 Key value format for package options (HO)
))
\c@section@level=\count268
) (C:\D\latex\mike_tex\tex/latex/etoolbox\etoolbox.sty
Package: etoolbox 2020/10/05 v2.5k e-TeX tools for LaTeX (JAW)
\etb@tempcnta=\count269
)
\@linkdim=\dimen150
\Hy@linkcounter=\count270
\Hy@pagecounter=\count271
 (C:\D\latex\mike_tex\tex/latex/hyperref\pd1enc.def
File: pd1enc.def 2023-11-26 v7.01g Hyperref: PDFDocEncoding definition (HO)
Now handling font encoding PD1 ...
... no UTF-8 mapping file for font encoding PD1
) (C:\D\latex\mike_tex\tex/generic/intcalc\intcalc.sty
Package: intcalc 2019/12/15 v1.3 Expandable calculations with integers (HO)
)
\Hy@SavedSpaceFactor=\count272
 (C:\D\latex\mike_tex\tex/latex/hyperref\puenc.def
File: puenc.def 2023-11-26 v7.01g Hyperref: PDF Unicode definition (HO)
Now handling font encoding PU ...
... no UTF-8 mapping file for font encoding PU
)
Package hyperref Info: Option `unicode' set `true' on input line 4064.
Package hyperref Info: Hyper figures OFF on input line 4181.
Package hyperref Info: Link nesting OFF on input line 4186.
Package hyperref Info: Hyper index ON on input line 4189.
Package hyperref Info: Plain pages OFF on input line 4196.
Package hyperref Info: Backreferencing OFF on input line 4201.
Package hyperref Info: Implicit mode ON; LaTeX internals redefined.
Package hyperref Info: Bookmarks ON on input line 4448.
\c@Hy@tempcnt=\count273
 (C:\D\latex\mike_tex\tex/latex/url\url.sty
\Urlmuskip=\muskip16
Package: url 2013/09/16  ver 3.4  Verb mode for urls, etc.
)
LaTeX Info: Redefining \url on input line 4786.
\XeTeXLinkMargin=\dimen151
 (C:\D\latex\mike_tex\tex/generic/bitset\bitset.sty
Package: bitset 2019/12/09 v1.3 Handle bit-vector datatype (HO)
 (C:\D\latex\mike_tex\tex/generic/bigintcalc\bigintcalc.sty
Package: bigintcalc 2019/12/15 v1.5 Expandable calculations on big integers (HO)
))
\Fld@menulength=\count274
\Field@Width=\dimen152
\Fld@charsize=\dimen153
Package hyperref Info: Hyper figures OFF on input line 6065.
Package hyperref Info: Link nesting OFF on input line 6070.
Package hyperref Info: Hyper index ON on input line 6073.
Package hyperref Info: backreferencing OFF on input line 6080.
Package hyperref Info: Link coloring OFF on input line 6085.
Package hyperref Info: Link coloring with OCG OFF on input line 6090.
Package hyperref Info: PDF/A mode OFF on input line 6095.
 (C:\D\latex\mike_tex\tex/latex/base\atbegshi-ltx.sty
Package: atbegshi-ltx 2021/01/10 v1.0c Emulation of the original atbegshi
package with kernel methods
)
\Hy@abspage=\count275
\c@Item=\count276
\c@Hfootnote=\count277
)
Package hyperref Info: Driver (autodetected): hpdftex.
 (C:\D\latex\mike_tex\tex/latex/hyperref\hpdftex.def
File: hpdftex.def 2023-11-26 v7.01g Hyperref driver for pdfTeX
 (C:\D\latex\mike_tex\tex/latex/base\atveryend-ltx.sty
Package: atveryend-ltx 2020/08/19 v1.0a Emulation of the original atveryend package
with kernel methods
)
\Fld@listcount=\count278
\c@bookmark@seq@number=\count279
 (C:\D\latex\mike_tex\tex/latex/rerunfilecheck\rerunfilecheck.sty
Package: rerunfilecheck 2022-07-10 v1.10 Rerun checks for auxiliary files (HO)
 (C:\D\latex\mike_tex\tex/generic/uniquecounter\uniquecounter.sty
Package: uniquecounter 2019/12/15 v1.4 Provide unlimited unique counter (HO)
)
Package uniquecounter Info: New unique counter `rerunfilecheck' on input line 285.
)
\Hy@SectionHShift=\skip53
) (C:\D\latex\mike_tex\tex/latex/appendix\appendix.sty
Package: appendix 2020/02/08 v1.2c extra appendix facilities
\c@@pps=\count280
\c@@ppsavesec=\count281
\c@@ppsaveapp=\count282
) (C:\D\latex\mike_tex\tex/latex/animate\animate.sty
Package: animate 2023/06/18 PDF & SVG animations from files and inline graphics
 (C:\D\latex\mike_tex\tex/latex/oberdiek\ifdraft.sty
Package: ifdraft 2016/05/16 v1.4 Detect class options draft and final (HO)
) (C:\D\latex\mike_tex\tex/latex/media9\pdfbase.sty
Package: pdfbase 2022/08/04 v0.55 driver independent access to low-level PDF features
 (C:\D\latex\mike_tex\tex/latex/l3backend\l3backend-pdftex.def
File: l3backend-pdftex.def 2024-01-04 L3 backend support: PDF output (pdfTeX)
\l__color_backend_stack_int=\count283
\l__pdf_internal_box=\box53
)
\g_pbs_page_int=\count284
\g_pbs_oc_int=\count285
) (C:\D\latex\mike_tex\tex/latex/zref\zref-abspage.sty
Package: zref-abspage 2023-09-14 v2.35 Module abspage for zref (HO)
 (C:\D\latex\mike_tex\tex/latex/zref\zref-base.sty
Package: zref-base 2023-09-14 v2.35 Module base for zref (HO)
 (C:\D\latex\mike_tex\tex/generic/etexcmds\etexcmds.sty
Package: etexcmds 2019/12/15 v1.7 Avoid name clashes with e-TeX commands (HO)
)
Package zref Info: New property list: main on input line 767.
Package zref Info: New property: default on input line 768.
Package zref Info: New property: page on input line 769.
)
\c@abspage=\count286
Package zref Info: New property: abspage on input line 67.
) (C:\D\latex\mike_tex\tex/latex/ocgx2\ocgbase.sty
Package: ocgbase 2022/08/04 v0.22 support package for ocgx2.sty
\g_ocgbase_nd_int=\count287
)
\@anim@box=\box54
\@anim@measbox=\box55
\@anim@tmpdima=\dimen154
\@anim@tmpdimb=\dimen155
\@anim@num=\count288
\@anim@curframe=\count289
\@anim@curframe@zb=\count290
\@anim@resizeflags=\count291
\@anim@skipfram=\count292
\@anim@mulframecnt=\count293
\@anim@@tmlnfile=\read2
\@anim@tmpcnt=\count294
\c@@anim@ltxcnt=\count295
\@anim@curlayer=\count296
\@anim@lineno=\count297
\@anim@curfield=\count298
\@anim@@resizeflags=\count299
) (C:\D\latex\mike_tex\tex/latex/listings\listings.sty
\lst@mode=\count300
\lst@gtempboxa=\box56
\lst@token=\toks23
\lst@length=\count301
\lst@currlwidth=\dimen156
\lst@column=\count302
\lst@pos=\count303
\lst@lostspace=\dimen157
\lst@width=\dimen158
\lst@newlines=\count304
\lst@lineno=\count305
\lst@maxwidth=\dimen159
 (C:\D\latex\mike_tex\tex/latex/listings\lstmisc.sty
File: lstmisc.sty 2023/02/27 1.9 (Carsten Heinz)
\c@lstnumber=\count306
\lst@skipnumbers=\count307
\lst@framebox=\box57
) (C:\D\latex\mike_tex\tex/latex/listings\listings.cfg
File: listings.cfg 2023/02/27 1.9 listings configuration
))
Package: listings 2023/02/27 1.9 (Carsten Heinz)
 (C:\D\latex\mike_tex\tex/latex/float\float.sty
Package: float 2001/11/08 v1.3d Float enhancements (AL)
\c@float@type=\count308
\float@exts=\toks24
\float@box=\box58
\@float@everytoks=\toks25
\@floatcapt=\box59
) (C:\D\latex\mike_tex\tex/latex/amsmath\amsmath.sty
Package: amsmath 2023/05/13 v2.17o AMS math features
\@mathmargin=\skip54

For additional information on amsmath, use the `?' option.
(C:\D\latex\mike_tex\tex/latex/amsmath\amstext.sty
Package: amstext 2021/08/26 v2.01 AMS text
 (C:\D\latex\mike_tex\tex/latex/amsmath\amsgen.sty
File: amsgen.sty 1999/11/30 v2.0 generic functions
\@emptytoks=\toks26
\ex@=\dimen160
)) (C:\D\latex\mike_tex\tex/latex/amsmath\amsbsy.sty
Package: amsbsy 1999/11/29 v1.2d Bold Symbols
\pmbraise@=\dimen161
) (C:\D\latex\mike_tex\tex/latex/amsmath\amsopn.sty
Package: amsopn 2022/04/08 v2.04 operator names
)
\inf@bad=\count309
LaTeX Info: Redefining \frac on input line 234.
\uproot@=\count310
\leftroot@=\count311
LaTeX Info: Redefining \overline on input line 399.
LaTeX Info: Redefining \colon on input line 410.
\classnum@=\count312
\DOTSCASE@=\count313
LaTeX Info: Redefining \ldots on input line 496.
LaTeX Info: Redefining \dots on input line 499.
LaTeX Info: Redefining \cdots on input line 620.
\Mathstrutbox@=\box60
\strutbox@=\box61
LaTeX Info: Redefining \big on input line 722.
LaTeX Info: Redefining \Big on input line 723.
LaTeX Info: Redefining \bigg on input line 724.
LaTeX Info: Redefining \Bigg on input line 725.
\big@size=\dimen162
LaTeX Font Info:    Redeclaring font encoding OML on input line 743.
LaTeX Font Info:    Redeclaring font encoding OMS on input line 744.
\macc@depth=\count314
LaTeX Info: Redefining \bmod on input line 905.
LaTeX Info: Redefining \pmod on input line 910.
LaTeX Info: Redefining \smash on input line 940.
LaTeX Info: Redefining \relbar on input line 970.
LaTeX Info: Redefining \Relbar on input line 971.
\c@MaxMatrixCols=\count315
\dotsspace@=\muskip17
\c@parentequation=\count316
\dspbrk@lvl=\count317
\tag@help=\toks27
\row@=\count318
\column@=\count319
\maxfields@=\count320
\andhelp@=\toks28
\eqnshift@=\dimen163
\alignsep@=\dimen164
\tagshift@=\dimen165
\tagwidth@=\dimen166
\totwidth@=\dimen167
\lineht@=\dimen168
\@envbody=\toks29
\multlinegap=\skip55
\multlinetaggap=\skip56
\mathdisplay@stack=\toks30
LaTeX Info: Redefining \[ on input line 2953.
LaTeX Info: Redefining \] on input line 2954.
) (C:\D\latex\mike_tex\tex/latex/amsfonts\amsfonts.sty
Package: amsfonts 2013/01/14 v3.01 Basic AMSFonts support
\symAMSa=\mathgroup4
\symAMSb=\mathgroup5
LaTeX Font Info:    Redeclaring math symbol \hbar on input line 98.
LaTeX Font Info:    Overwriting math alphabet `\mathfrak' in version `bold'
(Font)                  U/euf/m/n --> U/euf/b/n on input line 106.
) (C:\D\latex\mike_tex\tex/latex/amsfonts\amssymb.sty
Package: amssymb 2013/01/14 v3.01 AMS font symbols
) (C:\D\latex\mike_tex\tex/latex/pgf/frontendlayer\tikz.sty (C:\D\latex\mike_tex\tex/latex/pgf/basiclayer\pgf.sty (C:\D\latex\mike_tex\tex/latex/pgf/utilities\pgfrcs.sty (C:\D\latex\mike_tex\tex/generic/pgf/utilities\pgfutil-common.tex
\pgfutil@everybye=\toks31
\pgfutil@tempdima=\dimen169
\pgfutil@tempdimb=\dimen170
) (C:\D\latex\mike_tex\tex/generic/pgf/utilities\pgfutil-latex.def
\pgfutil@abb=\box62
) (C:\D\latex\mike_tex\tex/generic/pgf/utilities\pgfrcs.code.tex (C:\D\latex\mike_tex\tex/generic/pgf\pgf.revision.tex)
Package: pgfrcs 2023-01-15 v3.1.10 (3.1.10)
))
Package: pgf 2023-01-15 v3.1.10 (3.1.10)
 (C:\D\latex\mike_tex\tex/latex/pgf/basiclayer\pgfcore.sty (C:\D\latex\mike_tex\tex/latex/pgf/systemlayer\pgfsys.sty (C:\D\latex\mike_tex\tex/generic/pgf/systemlayer\pgfsys.code.tex
Package: pgfsys 2023-01-15 v3.1.10 (3.1.10)
 (C:\D\latex\mike_tex\tex/generic/pgf/utilities\pgfkeys.code.tex
\pgfkeys@pathtoks=\toks32
\pgfkeys@temptoks=\toks33
 (C:\D\latex\mike_tex\tex/generic/pgf/utilities\pgfkeyslibraryfiltered.code.tex
\pgfkeys@tmptoks=\toks34
))
\pgf@x=\dimen171
\pgf@y=\dimen172
\pgf@xa=\dimen173
\pgf@ya=\dimen174
\pgf@xb=\dimen175
\pgf@yb=\dimen176
\pgf@xc=\dimen177
\pgf@yc=\dimen178
\pgf@xd=\dimen179
\pgf@yd=\dimen180
\w@pgf@writea=\write3
\r@pgf@reada=\read3
\c@pgf@counta=\count321
\c@pgf@countb=\count322
\c@pgf@countc=\count323
\c@pgf@countd=\count324
\t@pgf@toka=\toks35
\t@pgf@tokb=\toks36
\t@pgf@tokc=\toks37
\pgf@sys@id@count=\count325
 (C:\D\latex\mike_tex\tex/generic/pgf/systemlayer\pgf.cfg
File: pgf.cfg 2023-01-15 v3.1.10 (3.1.10)
)
Driver file for pgf: pgfsys-pdftex.def
 (C:\D\latex\mike_tex\tex/generic/pgf/systemlayer\pgfsys-pdftex.def
File: pgfsys-pdftex.def 2023-01-15 v3.1.10 (3.1.10)
 (C:\D\latex\mike_tex\tex/generic/pgf/systemlayer\pgfsys-common-pdf.def
File: pgfsys-common-pdf.def 2023-01-15 v3.1.10 (3.1.10)
))) (C:\D\latex\mike_tex\tex/generic/pgf/systemlayer\pgfsyssoftpath.code.tex
File: pgfsyssoftpath.code.tex 2023-01-15 v3.1.10 (3.1.10)
\pgfsyssoftpath@smallbuffer@items=\count326
\pgfsyssoftpath@bigbuffer@items=\count327
) (C:\D\latex\mike_tex\tex/generic/pgf/systemlayer\pgfsysprotocol.code.tex
File: pgfsysprotocol.code.tex 2023-01-15 v3.1.10 (3.1.10)
)) (C:\D\latex\mike_tex\tex/generic/pgf/basiclayer\pgfcore.code.tex
Package: pgfcore 2023-01-15 v3.1.10 (3.1.10)
 (C:\D\latex\mike_tex\tex/generic/pgf/math\pgfmath.code.tex (C:\D\latex\mike_tex\tex/generic/pgf/math\pgfmathutil.code.tex) (C:\D\latex\mike_tex\tex/generic/pgf/math\pgfmathparser.code.tex
\pgfmath@dimen=\dimen181
\pgfmath@count=\count328
\pgfmath@box=\box63
\pgfmath@toks=\toks38
\pgfmath@stack@operand=\toks39
\pgfmath@stack@operation=\toks40
) (C:\D\latex\mike_tex\tex/generic/pgf/math\pgfmathfunctions.code.tex) (C:\D\latex\mike_tex\tex/generic/pgf/math\pgfmathfunctions.basic.code.tex) (C:\D\latex\mike_tex\tex/generic/pgf/math\pgfmathfunctions.trigonometric.code.tex) (C:\D\latex\mike_tex\tex/generic/pgf/math\pgfmathfunctions.random.code.tex) (C:\D\latex\mike_tex\tex/generic/pgf/math\pgfmathfunctions.comparison.code.tex) (C:\D\latex\mike_tex\tex/generic/pgf/math\pgfmathfunctions.base.code.tex) (C:\D\latex\mike_tex\tex/generic/pgf/math\pgfmathfunctions.round.code.tex) (C:\D\latex\mike_tex\tex/generic/pgf/math\pgfmathfunctions.misc.code.tex) (C:\D\latex\mike_tex\tex/generic/pgf/math\pgfmathfunctions.integerarithmetics.code.tex) (C:\D\latex\mike_tex\tex/generic/pgf/math\pgfmathcalc.code.tex) (C:\D\latex\mike_tex\tex/generic/pgf/math\pgfmathfloat.code.tex
\c@pgfmathroundto@lastzeros=\count329
)) (C:\D\latex\mike_tex\tex/generic/pgf/math\pgfint.code.tex) (C:\D\latex\mike_tex\tex/generic/pgf/basiclayer\pgfcorepoints.code.tex
File: pgfcorepoints.code.tex 2023-01-15 v3.1.10 (3.1.10)
\pgf@picminx=\dimen182
\pgf@picmaxx=\dimen183
\pgf@picminy=\dimen184
\pgf@picmaxy=\dimen185
\pgf@pathminx=\dimen186
\pgf@pathmaxx=\dimen187
\pgf@pathminy=\dimen188
\pgf@pathmaxy=\dimen189
\pgf@xx=\dimen190
\pgf@xy=\dimen191
\pgf@yx=\dimen192
\pgf@yy=\dimen193
\pgf@zx=\dimen194
\pgf@zy=\dimen195
) (C:\D\latex\mike_tex\tex/generic/pgf/basiclayer\pgfcorepathconstruct.code.tex
File: pgfcorepathconstruct.code.tex 2023-01-15 v3.1.10 (3.1.10)
\pgf@path@lastx=\dimen196
\pgf@path@lasty=\dimen197
) (C:\D\latex\mike_tex\tex/generic/pgf/basiclayer\pgfcorepathusage.code.tex
File: pgfcorepathusage.code.tex 2023-01-15 v3.1.10 (3.1.10)
\pgf@shorten@end@additional=\dimen198
\pgf@shorten@start@additional=\dimen199
) (C:\D\latex\mike_tex\tex/generic/pgf/basiclayer\pgfcorescopes.code.tex
File: pgfcorescopes.code.tex 2023-01-15 v3.1.10 (3.1.10)
\pgfpic=\box64
\pgf@hbox=\box65
\pgf@layerbox@main=\box66
\pgf@picture@serial@count=\count330
) (C:\D\latex\mike_tex\tex/generic/pgf/basiclayer\pgfcoregraphicstate.code.tex
File: pgfcoregraphicstate.code.tex 2023-01-15 v3.1.10 (3.1.10)
\pgflinewidth=\dimen256
) (C:\D\latex\mike_tex\tex/generic/pgf/basiclayer\pgfcoretransformations.code.tex
File: pgfcoretransformations.code.tex 2023-01-15 v3.1.10 (3.1.10)
\pgf@pt@x=\dimen257
\pgf@pt@y=\dimen258
\pgf@pt@temp=\dimen259
) (C:\D\latex\mike_tex\tex/generic/pgf/basiclayer\pgfcorequick.code.tex
File: pgfcorequick.code.tex 2023-01-15 v3.1.10 (3.1.10)
) (C:\D\latex\mike_tex\tex/generic/pgf/basiclayer\pgfcoreobjects.code.tex
File: pgfcoreobjects.code.tex 2023-01-15 v3.1.10 (3.1.10)
) (C:\D\latex\mike_tex\tex/generic/pgf/basiclayer\pgfcorepathprocessing.code.tex
File: pgfcorepathprocessing.code.tex 2023-01-15 v3.1.10 (3.1.10)
) (C:\D\latex\mike_tex\tex/generic/pgf/basiclayer\pgfcorearrows.code.tex
File: pgfcorearrows.code.tex 2023-01-15 v3.1.10 (3.1.10)
\pgfarrowsep=\dimen260
) (C:\D\latex\mike_tex\tex/generic/pgf/basiclayer\pgfcoreshade.code.tex
File: pgfcoreshade.code.tex 2023-01-15 v3.1.10 (3.1.10)
\pgf@max=\dimen261
\pgf@sys@shading@range@num=\count331
\pgf@shadingcount=\count332
) (C:\D\latex\mike_tex\tex/generic/pgf/basiclayer\pgfcoreimage.code.tex
File: pgfcoreimage.code.tex 2023-01-15 v3.1.10 (3.1.10)
) (C:\D\latex\mike_tex\tex/generic/pgf/basiclayer\pgfcoreexternal.code.tex
File: pgfcoreexternal.code.tex 2023-01-15 v3.1.10 (3.1.10)
\pgfexternal@startupbox=\box67
) (C:\D\latex\mike_tex\tex/generic/pgf/basiclayer\pgfcorelayers.code.tex
File: pgfcorelayers.code.tex 2023-01-15 v3.1.10 (3.1.10)
) (C:\D\latex\mike_tex\tex/generic/pgf/basiclayer\pgfcoretransparency.code.tex
File: pgfcoretransparency.code.tex 2023-01-15 v3.1.10 (3.1.10)
) (C:\D\latex\mike_tex\tex/generic/pgf/basiclayer\pgfcorepatterns.code.tex
File: pgfcorepatterns.code.tex 2023-01-15 v3.1.10 (3.1.10)
) (C:\D\latex\mike_tex\tex/generic/pgf/basiclayer\pgfcorerdf.code.tex
File: pgfcorerdf.code.tex 2023-01-15 v3.1.10 (3.1.10)
))) (C:\D\latex\mike_tex\tex/generic/pgf/modules\pgfmoduleshapes.code.tex
File: pgfmoduleshapes.code.tex 2023-01-15 v3.1.10 (3.1.10)
\pgfnodeparttextbox=\box68
) (C:\D\latex\mike_tex\tex/generic/pgf/modules\pgfmoduleplot.code.tex
File: pgfmoduleplot.code.tex 2023-01-15 v3.1.10 (3.1.10)
) (C:\D\latex\mike_tex\tex/latex/pgf/compatibility\pgfcomp-version-0-65.sty
Package: pgfcomp-version-0-65 2023-01-15 v3.1.10 (3.1.10)
\pgf@nodesepstart=\dimen262
\pgf@nodesepend=\dimen263
) (C:\D\latex\mike_tex\tex/latex/pgf/compatibility\pgfcomp-version-1-18.sty
Package: pgfcomp-version-1-18 2023-01-15 v3.1.10 (3.1.10)
)) (C:\D\latex\mike_tex\tex/latex/pgf/utilities\pgffor.sty (C:\D\latex\mike_tex\tex/latex/pgf/utilities\pgfkeys.sty (C:\D\latex\mike_tex\tex/generic/pgf/utilities\pgfkeys.code.tex)) (C:\D\latex\mike_tex\tex/latex/pgf/math\pgfmath.sty (C:\D\latex\mike_tex\tex/generic/pgf/math\pgfmath.code.tex)) (C:\D\latex\mike_tex\tex/generic/pgf/utilities\pgffor.code.tex
Package: pgffor 2023-01-15 v3.1.10 (3.1.10)
\pgffor@iter=\dimen264
\pgffor@skip=\dimen265
\pgffor@stack=\toks41
\pgffor@toks=\toks42
)) (C:\D\latex\mike_tex\tex/generic/pgf/frontendlayer/tikz\tikz.code.tex
Package: tikz 2023-01-15 v3.1.10 (3.1.10)
 (C:\D\latex\mike_tex\tex/generic/pgf/libraries\pgflibraryplothandlers.code.tex
File: pgflibraryplothandlers.code.tex 2023-01-15 v3.1.10 (3.1.10)
\pgf@plot@mark@count=\count333
\pgfplotmarksize=\dimen266
)
\tikz@lastx=\dimen267
\tikz@lasty=\dimen268
\tikz@lastxsaved=\dimen269
\tikz@lastysaved=\dimen270
\tikz@lastmovetox=\dimen271
\tikz@lastmovetoy=\dimen272
\tikzleveldistance=\dimen273
\tikzsiblingdistance=\dimen274
\tikz@figbox=\box69
\tikz@figbox@bg=\box70
\tikz@tempbox=\box71
\tikz@tempbox@bg=\box72
\tikztreelevel=\count334
\tikznumberofchildren=\count335
\tikznumberofcurrentchild=\count336
\tikz@fig@count=\count337
 (C:\D\latex\mike_tex\tex/generic/pgf/modules\pgfmodulematrix.code.tex
File: pgfmodulematrix.code.tex 2023-01-15 v3.1.10 (3.1.10)
\pgfmatrixcurrentrow=\count338
\pgfmatrixcurrentcolumn=\count339
\pgf@matrix@numberofcolumns=\count340
)
\tikz@expandcount=\count341
 (C:\D\latex\mike_tex\tex/generic/pgf/frontendlayer/tikz/libraries\tikzlibrarytopaths.code.tex
File: tikzlibrarytopaths.code.tex 2023-01-15 v3.1.10 (3.1.10)
))) (C:\D\latex\mike_tex\tex/latex/pgfplots\pgfplots.sty (C:\D\latex\mike_tex\tex/generic/pgfplots\pgfplots.revision.tex)
Package: pgfplots 2021/05/15 v1.18.1 Data Visualization (1.18.1)
 (C:\D\latex\mike_tex\tex/generic/pgfplots\pgfplots.code.tex (C:\D\latex\mike_tex\tex/generic/pgfplots\pgfplotscore.code.tex
\t@pgfplots@toka=\toks43
\t@pgfplots@tokb=\toks44
\t@pgfplots@tokc=\toks45
\pgfplots@tmpa=\dimen275
\c@pgfplots@coordindex=\count342
\c@pgfplots@scanlineindex=\count343
 (C:\D\latex\mike_tex\tex/generic/pgfplots/sys\pgfplotssysgeneric.code.tex)) (C:\D\latex\mike_tex\tex/generic/pgfplots/libs\pgfplotslibrary.code.tex) (C:\D\latex\mike_tex\tex/generic/pgfplots/oldpgfcompatib\pgfplotsoldpgfsupp_loader.code.tex (C:\D\latex\mike_tex\tex/generic/pgf/libraries\pgflibraryfpu.code.tex)
Package pgfplots: loading complementary utilities for your pgf version...
\t@pgf@toka=\toks46
\t@pgf@tokb=\toks47
\t@pgf@tokc=\toks48
(C:\D\latex\mike_tex\tex/generic/pgfplots/oldpgfcompatib\pgfplotsoldpgfsupp_pgfutil-common-lists.tex)) (C:\D\latex\mike_tex\tex/generic/pgfplots/util\pgfplotsutil.code.tex (C:\D\latex\mike_tex\tex/generic/pgfplots/liststructure\pgfplotsliststructure.code.tex) (C:\D\latex\mike_tex\tex/generic/pgfplots/liststructure\pgfplotsliststructureext.code.tex) (C:\D\latex\mike_tex\tex/generic/pgfplots/liststructure\pgfplotsarray.code.tex
\c@pgfplotsarray@tmp=\count344
) (C:\D\latex\mike_tex\tex/generic/pgfplots/liststructure\pgfplotsmatrix.code.tex) (C:\D\latex\mike_tex\tex/generic/pgfplots/numtable\pgfplotstableshared.code.tex
\c@pgfplotstable@counta=\count345
\t@pgfplotstable@a=\toks49
) (C:\D\latex\mike_tex\tex/generic/pgfplots/liststructure\pgfplotsdeque.code.tex) (C:\D\latex\mike_tex\tex/generic/pgfplots/util\pgfplotsbinary.code.tex (C:\D\latex\mike_tex\tex/generic/pgfplots/util\pgfplotsbinary.data.code.tex)) (C:\D\latex\mike_tex\tex/generic/pgfplots/util\pgfplotsutil.verb.code.tex) (C:\D\latex\mike_tex\tex/generic/pgfplots/libs\pgflibrarypgfplots.surfshading.code.tex
\c@pgfplotslibrarysurf@no=\count346
 (C:\D\latex\mike_tex\tex/generic/pgfplots/sys\pgflibrarypgfplots.surfshading.pgfsys-pdftex.def))) (C:\D\latex\mike_tex\tex/generic/pgfplots/util\pgfplotscolormap.code.tex (C:\D\latex\mike_tex\tex/generic/pgfplots/util\pgfplotscolor.code.tex)) (C:\D\latex\mike_tex\tex/generic/pgfplots\pgfplotsstackedplots.code.tex) (C:\D\latex\mike_tex\tex/generic/pgfplots\pgfplotsplothandlers.code.tex (C:\D\latex\mike_tex\tex/generic/pgfplots\pgfplotsmeshplothandler.code.tex (C:\D\latex\mike_tex\tex/generic/pgfplots\pgfplotsmeshplotimage.code.tex))) (C:\D\latex\mike_tex\tex/generic/pgfplots\pgfplots.scaling.code.tex) (C:\D\latex\mike_tex\tex/generic/pgfplots\pgfplotscoordprocessing.code.tex) (C:\D\latex\mike_tex\tex/generic/pgfplots\pgfplots.errorbars.code.tex) (C:\D\latex\mike_tex\tex/generic/pgfplots\pgfplots.markers.code.tex) (C:\D\latex\mike_tex\tex/generic/pgfplots\pgfplotsticks.code.tex) (C:\D\latex\mike_tex\tex/generic/pgfplots\pgfplots.paths.code.tex) (C:\D\latex\mike_tex\tex/generic/pgf/frontendlayer/tikz/libraries\tikzlibrarydecorations.code.tex (C:\D\latex\mike_tex\tex/generic/pgf/modules\pgfmoduledecorations.code.tex
\pgfdecoratedcompleteddistance=\dimen276
\pgfdecoratedremainingdistance=\dimen277
\pgfdecoratedinputsegmentcompleteddistance=\dimen278
\pgfdecoratedinputsegmentremainingdistance=\dimen279
\pgf@decorate@distancetomove=\dimen280
\pgf@decorate@repeatstate=\count347
\pgfdecorationsegmentamplitude=\dimen281
\pgfdecorationsegmentlength=\dimen282
)
\tikz@lib@dec@box=\box73
) (C:\D\latex\mike_tex\tex/generic/pgf/frontendlayer/tikz/libraries\tikzlibrarydecorations.pathmorphing.code.tex (C:\D\latex\mike_tex\tex/generic/pgf/libraries/decorations\pgflibrarydecorations.pathmorphing.code.tex)) (C:\D\latex\mike_tex\tex/generic/pgf/frontendlayer/tikz/libraries\tikzlibrarydecorations.pathreplacing.code.tex (C:\D\latex\mike_tex\tex/generic/pgf/libraries/decorations\pgflibrarydecorations.pathreplacing.code.tex)) (C:\D\latex\mike_tex\tex/generic/pgfplots/libs\tikzlibrarypgfplots.contourlua.code.tex)
\pgfplots@numplots=\count348
\pgfplots@xmin@reg=\dimen283
\pgfplots@xmax@reg=\dimen284
\pgfplots@ymin@reg=\dimen285
\pgfplots@ymax@reg=\dimen286
\pgfplots@zmin@reg=\dimen287
\pgfplots@zmax@reg=\dimen288
) (C:\D\latex\mike_tex\tex/generic/pgf/frontendlayer/tikz/libraries\tikzlibraryplotmarks.code.tex
File: tikzlibraryplotmarks.code.tex 2023-01-15 v3.1.10 (3.1.10)
 (C:\D\latex\mike_tex\tex/generic/pgf/libraries\pgflibraryplotmarks.code.tex
File: pgflibraryplotmarks.code.tex 2023-01-15 v3.1.10 (3.1.10)
))) (C:\D\latex\mike_tex\tex/latex/titlesec\titlesec.sty
Package: titlesec 2023/10/27 v2.16 Sectioning titles
\ttl@box=\box74
\beforetitleunit=\skip57
\aftertitleunit=\skip58
\ttl@plus=\dimen289
\ttl@minus=\dimen290
\ttl@toksa=\toks50
\titlewidth=\dimen291
\titlewidthlast=\dimen292
\titlewidthfirst=\dimen293
) (C:\D\latex\mike_tex\tex/latex/geometry\geometry.sty
Package: geometry 2020/01/02 v5.9 Page Geometry
 (C:\D\latex\mike_tex\tex/generic/iftex\ifvtex.sty
Package: ifvtex 2019/10/25 v1.7 ifvtex legacy package. Use iftex instead.
)
\Gm@cnth=\count349
\Gm@cntv=\count350
\c@Gm@tempcnt=\count351
\Gm@bindingoffset=\dimen294
\Gm@wd@mp=\dimen295
\Gm@odd@mp=\dimen296
\Gm@even@mp=\dimen297
\Gm@layoutwidth=\dimen298
\Gm@layoutheight=\dimen299
\Gm@layouthoffset=\dimen300
\Gm@layoutvoffset=\dimen301
\Gm@dimlist=\toks51
 (C:\D\latex\mike_tex\tex/latex/geometry\geometry.cfg))
Package hyperref Info: Option `colorlinks' set `true' on input line 66.
 (C:\D\latex\mike_tex\tex/generic/pgf/frontendlayer/tikz/libraries\tikzlibrarycalc.code.tex
File: tikzlibrarycalc.code.tex 2023-01-15 v3.1.10 (3.1.10)
) (C:\D\latex\mike_tex\tex/latex/caption\caption.sty
Package: caption 2023/08/05 v3.6o Customizing captions (AR)
 (C:\D\latex\mike_tex\tex/latex/caption\caption3.sty
Package: caption3 2023/07/31 v2.4d caption3 kernel (AR)
\caption@tempdima=\dimen302
\captionmargin=\dimen303
\caption@leftmargin=\dimen304
\caption@rightmargin=\dimen305
\caption@width=\dimen306
\caption@indent=\dimen307
\caption@parindent=\dimen308
\caption@hangindent=\dimen309
Package caption Info: Standard document class detected.
)
\c@caption@flags=\count352
\c@continuedfloat=\count353
Package caption Info: float package is loaded.
Package caption Info: hyperref package is loaded.
Package caption Info: listings package is loaded.
Package caption Info: scrextend package is loaded.
\caption@addmargin@hsize=\dimen310
\caption@addmargin@linewidth=\dimen311
) (C:\D\latex\mike_tex\tex/latex/caption\subcaption.sty
Package: subcaption 2023/07/28 v1.6b Sub-captions (AR)
Package caption Info: New subtype `subfigure' on input line 238.
\c@subfigure=\count354
Package caption Info: New subtype `subtable' on input line 238.
\c@subtable=\count355
) (C:\D\latex\mike_tex\tex/latex/tools\array.sty
Package: array 2023/10/16 v2.5g Tabular extension package (FMi)
\col@sep=\dimen312
\ar@mcellbox=\box75
\extrarowheight=\dimen313
\NC@list=\toks52
\extratabsurround=\skip59
\backup@length=\skip60
\ar@cellbox=\box76
) (C:\D\latex\mike_tex\tex/latex/biblatex\biblatex.sty
Package: biblatex 2023/03/05 v3.19 programmable bibliographies (PK/MW)
 (C:\D\latex\mike_tex\tex/latex/logreq\logreq.sty
Package: logreq 2010/08/04 v1.0 xml request logger
\lrq@indent=\count356
 (C:\D\latex\mike_tex\tex/latex/logreq\logreq.def
File: logreq.def 2010/08/04 v1.0 logreq spec v1.0
))
\c@tabx@nest=\count357
\c@listtotal=\count358
\c@listcount=\count359
\c@liststart=\count360
\c@liststop=\count361
\c@citecount=\count362
\c@citetotal=\count363
\c@multicitecount=\count364
\c@multicitetotal=\count365
\c@instcount=\count366
\c@maxnames=\count367
\c@minnames=\count368
\c@maxitems=\count369
\c@minitems=\count370
\c@citecounter=\count371
\c@maxcitecounter=\count372
\c@savedcitecounter=\count373
\c@uniquelist=\count374
\c@uniquename=\count375
\c@refsection=\count376
\c@refsegment=\count377
\c@maxextratitle=\count378
\c@maxextratitleyear=\count379
\c@maxextraname=\count380
\c@maxextradate=\count381
\c@maxextraalpha=\count382
\c@abbrvpenalty=\count383
\c@highnamepenalty=\count384
\c@lownamepenalty=\count385
\c@maxparens=\count386
\c@parenlevel=\count387
\blx@tempcnta=\count388
\blx@tempcntb=\count389
\blx@tempcntc=\count390
\c@blx@maxsection=\count391
\blx@maxsegment@0=\count392
\blx@notetype=\count393
\blx@parenlevel@text=\count394
\blx@parenlevel@foot=\count395
\blx@sectionciteorder@0=\count396
\blx@sectionciteorderinternal@0=\count397
\blx@entrysetcounter=\count398
\blx@biblioinstance=\count399
\labelnumberwidth=\skip61
\labelalphawidth=\skip62
\biblabelsep=\skip63
\bibitemsep=\skip64
\bibnamesep=\skip65
\bibinitsep=\skip66
\bibparsep=\skip67
\bibhang=\skip68
\blx@bcfin=\read4
\blx@bcfout=\write4
\blx@langwohyphens=\language79
\c@mincomprange=\count400
\c@maxcomprange=\count401
\c@mincompwidth=\count402
Package biblatex Info: Trying to load biblatex default data model...
Package biblatex Info: ... file 'blx-dm.def' found.
 (C:\D\latex\mike_tex\tex/latex/biblatex\blx-dm.def
File: blx-dm.def 2023/03/05 v3.19 biblatex localization (PK/MW)
)
Package biblatex Info: Trying to load biblatex custom data model...
Package biblatex Info: ... file 'biblatex-dm.cfg' not found.
\c@afterword=\count403
\c@savedafterword=\count404
\c@annotator=\count405
\c@savedannotator=\count406
\c@author=\count407
\c@savedauthor=\count408
\c@bookauthor=\count409
\c@savedbookauthor=\count410
\c@commentator=\count411
\c@savedcommentator=\count412
\c@editor=\count413
\c@savededitor=\count414
\c@editora=\count415
\c@savededitora=\count416
\c@editorb=\count417
\c@savededitorb=\count418
\c@editorc=\count419
\c@savededitorc=\count420
\c@foreword=\count421
\c@savedforeword=\count422
\c@holder=\count423
\c@savedholder=\count424
\c@introduction=\count425
\c@savedintroduction=\count426
\c@namea=\count427
\c@savednamea=\count428
\c@nameb=\count429
\c@savednameb=\count430
\c@namec=\count431
\c@savednamec=\count432
\c@translator=\count433
\c@savedtranslator=\count434
\c@shortauthor=\count435
\c@savedshortauthor=\count436
\c@shorteditor=\count437
\c@savedshorteditor=\count438
\c@labelname=\count439
\c@savedlabelname=\count440
\c@institution=\count441
\c@savedinstitution=\count442
\c@lista=\count443
\c@savedlista=\count444
\c@listb=\count445
\c@savedlistb=\count446
\c@listc=\count447
\c@savedlistc=\count448
\c@listd=\count449
\c@savedlistd=\count450
\c@liste=\count451
\c@savedliste=\count452
\c@listf=\count453
\c@savedlistf=\count454
\c@location=\count455
\c@savedlocation=\count456
\c@organization=\count457
\c@savedorganization=\count458
\c@origlocation=\count459
\c@savedoriglocation=\count460
\c@origpublisher=\count461
\c@savedorigpublisher=\count462
\c@publisher=\count463
\c@savedpublisher=\count464
\c@language=\count465
\c@savedlanguage=\count466
\c@origlanguage=\count467
\c@savedoriglanguage=\count468
\c@pageref=\count469
\c@savedpageref=\count470
\shorthandwidth=\skip69
\shortjournalwidth=\skip70
\shortserieswidth=\skip71
\shorttitlewidth=\skip72
\shortauthorwidth=\skip73
\shorteditorwidth=\skip74
\locallabelnumberwidth=\skip75
\locallabelalphawidth=\skip76
\localshorthandwidth=\skip77
\localshortjournalwidth=\skip78
\localshortserieswidth=\skip79
\localshorttitlewidth=\skip80
\localshortauthorwidth=\skip81
\localshorteditorwidth=\skip82
Package biblatex Info: Trying to load compatibility code...
Package biblatex Info: ... file 'blx-compat.def' found.
 (C:\D\latex\mike_tex\tex/latex/biblatex\blx-compat.def
File: blx-compat.def 2023/03/05 v3.19 biblatex compatibility (PK/MW)
)
Package biblatex Info: Trying to load generic definitions...
Package biblatex Info: ... file 'biblatex.def' found.
 (C:\D\latex\mike_tex\tex/latex/biblatex\biblatex.def
File: biblatex.def 2023/03/05 v3.19 biblatex compatibility (PK/MW)
\c@textcitecount=\count471
\c@textcitetotal=\count472
\c@textcitemaxnames=\count473
\c@biburlbigbreakpenalty=\count474
\c@biburlbreakpenalty=\count475
\c@biburlnumpenalty=\count476
\c@biburlucpenalty=\count477
\c@biburllcpenalty=\count478
\biburlbigskip=\muskip18
\biburlnumskip=\muskip19
\biburlucskip=\muskip20
\biburllcskip=\muskip21
\c@smartand=\count479
)
Package biblatex Info: Trying to load bibliography style 'numeric'...
Package biblatex Info: ... file 'numeric.bbx' found.
 (C:\D\latex\mike_tex\tex/latex/biblatex/bbx\numeric.bbx
File: numeric.bbx 2023/03/05 v3.19 biblatex bibliography style (PK/MW)
Package biblatex Info: Trying to load bibliography style 'standard'...
Package biblatex Info: ... file 'standard.bbx' found.
 (C:\D\latex\mike_tex\tex/latex/biblatex/bbx\standard.bbx
File: standard.bbx 2023/03/05 v3.19 biblatex bibliography style (PK/MW)
\c@bbx:relatedcount=\count480
\c@bbx:relatedtotal=\count481
))
Package biblatex Info: Trying to load citation style 'numeric'...
Package biblatex Info: ... file 'numeric.cbx' found.
 (C:\D\latex\mike_tex\tex/latex/biblatex/cbx\numeric.cbx
File: numeric.cbx 2023/03/05 v3.19 biblatex citation style (PK/MW)
Package biblatex Info: Redefining '\cite'.
Package biblatex Info: Redefining '\parencite'.
Package biblatex Info: Redefining '\footcite'.
Package biblatex Info: Redefining '\footcitetext'.
Package biblatex Info: Redefining '\smartcite'.
Package biblatex Info: Redefining '\supercite'.
Package biblatex Info: Redefining '\textcite'.
Package biblatex Info: Redefining '\textcites'.
Package biblatex Info: Redefining '\cites'.
Package biblatex Info: Redefining '\parencites'.
Package biblatex Info: Redefining '\smartcites'.
)
Package biblatex Info: Trying to load configuration file...
Package biblatex Info: ... file 'biblatex.cfg' found.
 (C:\D\latex\mike_tex\tex/latex/biblatex\biblatex.cfg
File: biblatex.cfg 
)
Package biblatex Info: Input encoding 'utf8' detected.
Package biblatex Info: Document encoding is UTF8 ....
 (C:\D\latex\mike_tex\tex/latex/l3kernel\expl3.sty
Package: expl3 2024-01-04 L3 programming layer (loader) 
)
Package biblatex Info: ... and expl3
(biblatex)             2024-01-04 L3 programming layer (loader) 
(biblatex)             is new enough (at least 2020/04/06),
(biblatex)             setting 'casechanger=expl3'.
 (C:\D\latex\mike_tex\tex/latex/biblatex\blx-case-expl3.sty (C:\D\latex\mike_tex\tex/latex/l3packages/xparse\xparse.sty
Package: xparse 2023-10-10 L3 Experimental document command parser
)
Package: blx-case-expl3 2023/03/05 v3.19 expl3 case changing code for biblatex
)) (C:\D\latex\mike_tex\tex/latex/nomencl\nomencl.sty
Package: nomencl 2021/11/10 v5.6 Nomenclature package
 (C:\D\latex\mike_tex\tex/latex/xkeyval\xkeyval.sty
Package: xkeyval 2022/06/16 v2.9 package option processing (HA)
 (C:\D\latex\mike_tex\tex/generic/xkeyval\xkeyval.tex (C:\D\latex\mike_tex\tex/generic/xkeyval\xkvutils.tex
\XKV@toks=\toks53
\XKV@tempa@toks=\toks54
)
\XKV@depth=\count482
File: xkeyval.tex 2014/12/03 v2.7a key=value parser (HA)
)) (C:\D\latex\mike_tex\tex/latex/koma-script\tocbasic.sty
Package: tocbasic 2023/07/07 v3.41 KOMA-Script package (handling toc-files)
\scr@dte@tocline@numberwidth=\skip83
\scr@dte@tocline@numbox=\box77
)
Package tocbasic Info: omitting babel extension for `nlo'
(tocbasic)             because of missing \bbl@set@language on input line 187.
Package tocbasic Info: omitting babel extension for `nls'
(tocbasic)             because of missing \bbl@set@language on input line 188.
\nomlabelwidth=\dimen314
\nom@tempdim=\dimen315
\nomitemsep=\skip84
)
\@nomenclaturefile=\write5
\openout5 = `main_New.nlo'.

Package nomencl Info: Writing nomenclature file main_New.nlo on input line 169.
 (C:\D\latex\mike_tex\tex/latex/mathtools\mathtools.sty
Package: mathtools 2024/03/11 v1.30 mathematical typesetting tools
 (C:\D\latex\mike_tex\tex/latex/mathtools\mhsetup.sty
Package: mhsetup 2021/03/18 v1.4 programming setup (MH)
)
\g_MT_multlinerow_int=\count483
\l_MT_multwidth_dim=\dimen316
\origjot=\skip85
\l_MT_shortvdotswithinadjustabove_dim=\dimen317
\l_MT_shortvdotswithinadjustbelow_dim=\dimen318
\l_MT_above_intertext_sep=\dimen319
\l_MT_below_intertext_sep=\dimen320
\l_MT_above_shortintertext_sep=\dimen321
\l_MT_below_shortintertext_sep=\dimen322
\xmathstrut@box=\box78
\xmathstrut@dim=\dimen323
)
\@quotelevel=\count484
\@quotereset=\count485
 (main_New.aux)
\openout1 = `main_New.aux'.

LaTeX Font Info:    Checking defaults for OML/cmm/m/it on input line 177.
LaTeX Font Info:    ... okay on input line 177.
LaTeX Font Info:    Checking defaults for OMS/cmsy/m/n on input line 177.
LaTeX Font Info:    ... okay on input line 177.
LaTeX Font Info:    Checking defaults for OT1/cmr/m/n on input line 177.
LaTeX Font Info:    ... okay on input line 177.
LaTeX Font Info:    Checking defaults for T1/cmr/m/n on input line 177.
LaTeX Font Info:    ... okay on input line 177.
LaTeX Font Info:    Checking defaults for TS1/cmr/m/n on input line 177.
LaTeX Font Info:    ... okay on input line 177.
LaTeX Font Info:    Checking defaults for OMX/cmex/m/n on input line 177.
LaTeX Font Info:    ... okay on input line 177.
LaTeX Font Info:    Checking defaults for U/cmr/m/n on input line 177.
LaTeX Font Info:    ... okay on input line 177.
LaTeX Font Info:    Checking defaults for T5/cmr/m/n on input line 177.
LaTeX Font Info:    ... okay on input line 177.
LaTeX Font Info:    Checking defaults for PD1/pdf/m/n on input line 177.
LaTeX Font Info:    ... okay on input line 177.
LaTeX Font Info:    Checking defaults for PU/pdf/m/n on input line 177.
LaTeX Font Info:    ... okay on input line 177.
 (C:\D\latex\mike_tex\tex/context/base/mkii\supp-pdf.mkii
[Loading MPS to PDF converter (version 2006.09.02).]
\scratchcounter=\count486
\scratchdimen=\dimen324
\scratchbox=\box79
\nofMPsegments=\count487
\nofMParguments=\count488
\everyMPshowfont=\toks55
\MPscratchCnt=\count489
\MPscratchDim=\dimen325
\MPnumerator=\count490
\makeMPintoPDFobject=\count491
\everyMPtoPDFconversion=\toks56
) (C:\D\latex\mike_tex\tex/latex/epstopdf-pkg\epstopdf-base.sty
Package: epstopdf-base 2020-01-24 v2.11 Base part for package epstopdf
Package epstopdf-base Info: Redefining graphics rule for `.eps' on input line 485.
 (C:\D\latex\mike_tex\tex/latex/00miktex\epstopdf-sys.cfg
File: epstopdf-sys.cfg 2021/03/18 v2.0 Configuration of epstopdf for MiKTeX
)) (C:\D\latex\mike_tex\tex/latex/pdflscape\pdflscape.sty
Package: pdflscape 2022-10-27 v0.13 Display of landscape pages in PDF
 (C:\D\latex\mike_tex\tex/latex/pdflscape\pdflscape-nometadata.sty
Package: pdflscape-nometadata 2022-10-28 v0.13 Display of landscape pages in PDF (HO)
 (C:\D\latex\mike_tex\tex/latex/graphics\lscape.sty
Package: lscape 2020/05/28 v3.02 Landscape Pages (DPC)
)
Package pdflscape Info: Auto-detected driver: pdftex on input line 81.
))
Package hyperref Info: Link coloring ON on input line 177.
 (main_New.out) (main_New.out)
\@outlinefile=\write6
\openout6 = `main_New.out'.

\c@lstlisting=\count492


Package pgfplots Warning: running in backwards compatibility mode (unsuitable tick labels; missing features). Consider writing \pgfplotsset{compat=1.18} into your preamble.
 on input line 177.

*geometry* driver: auto-detecting
*geometry* detected driver: pdftex
*geometry* verbose mode - [ preamble ] result:
* driver: pdftex
* paper: a4paper
* layout: <same size as paper>
* layoutoffset:(h,v)=(0.0pt,0.0pt)
* modes: 
* h-part:(L,W,R)=(71.13188pt, 469.47049pt, 56.9055pt)
* v-part:(T,H,B)=(71.13188pt, 702.78308pt, 71.13188pt)
* \paperwidth=597.50787pt
* \paperheight=845.04684pt
* \textwidth=469.47049pt
* \textheight=702.78308pt
* \oddsidemargin=-1.1381pt
* \evensidemargin=-1.1381pt
* \topmargin=-38.1381pt
* \headheight=12.0pt
* \headsep=25.0pt
* \topskip=12.0pt
* \footskip=30.0pt
* \marginparwidth=35.0pt
* \marginparsep=10.0pt
* \columnsep=10.0pt
* \skip\footins=12.59996pt plus 5.59938pt minus 2.80058pt
* \hoffset=0.0pt
* \voffset=0.0pt
* \mag=1000
* \@twocolumnfalse
* \@twosidefalse
* \@mparswitchfalse
* \@reversemarginfalse
* (1in=72.27pt=25.4mm, 1cm=28.453pt)

Package caption Info: Begin \AtBeginDocument code.
Package caption Info: End \AtBeginDocument code.
Package biblatex Info: Trying to load language 'english'...
Package biblatex Info: ... file 'english.lbx' found.
(C:\D\latex\mike_tex\tex/latex/biblatex/lbx\english.lbx
File: english.lbx 2023/03/05 v3.19 biblatex localization (PK/MW)
)
Package biblatex Info: Input encoding 'utf8' detected.
Package biblatex Info: Automatic encoding selection.
(biblatex)             Assuming data encoding 'utf8'.
\openout4 = `main_New.bcf'.

Package biblatex Info: Trying to load bibliographic data...
Package biblatex Info: ... file 'main_New.bbl' found.
 (main_New.bbl)
Package biblatex Info: Reference section=0 on input line 177.
Package biblatex Info: Reference segment=0 on input line 177.
 (chapters/titlepage.tex
<Images/HUS_logo.png, id=149, 597.432pt x 421.0932pt>
File: Images/HUS_logo.png Graphic file (type png)
<use Images/HUS_logo.png>
Package pdftex.def Info: Images/HUS_logo.png  used on input line 26.
(pdftex.def)             Requested size: 179.23097pt x 126.32893pt.
LaTeX Font Info:    Calculating math sizes for size <14> on input line 51.
LaTeX Font Info:    Trying to load font information for U+msa on input line 51.
 (C:\D\latex\mike_tex\tex/latex/amsfonts\umsa.fd
File: umsa.fd 2013/01/14 v3.01 AMS symbols A
)
LaTeX Font Info:    Trying to load font information for U+msb on input line 51.
 (C:\D\latex\mike_tex\tex/latex/amsfonts\umsb.fd
File: umsb.fd 2013/01/14 v3.01 AMS symbols B
) [1

{C:/Users/tam/AppData/Local/MiKTeX/fonts/map/pdftex/pdftex.map} <./Images/HUS_logo.png>]
File: Images/HUS_logo.png Graphic file (type png)
<use Images/HUS_logo.png>
Package pdftex.def Info: Images/HUS_logo.png  used on input line 105.
(pdftex.def)             Requested size: 179.23097pt x 126.32893pt.

pdfTeX warning (ext4): destination with the same identifier (name{page.i}) has been already used, duplicate ignored
<to be read again> 
                   \relax 
l.152 \end{titlepage}
                      [1]) (main_New.toc
pdfTeX warning (ext4): destination with the same identifier (name{page.i}) has been already used, duplicate ignored
<to be read again> 
                   \relax 
l.22 ... liu trong GDL}{21}{subsection.4.1.2}
                                                  % [1

])
\tf@toc=\write7
\openout7 = `main_New.toc'.

 [2] (main_New.lof [3

] [4])
\tf@lof=\write8
\openout8 = `main_New.lof'.

 [5]
Ch\uhorn \ohorn ng 1.
(chapters/Intro.tex [1


] [2]) [3]
Ch\uhorn \ohorn ng 2.
(chapters/related_work.tex [4

]) [5]
Ch\uhorn \ohorn ng 3.
(chapters/CSLT.tex (chapters/CSLT/group_theory.tex [6

] [7] [8] [9]) (chapters/CSLT/TFN.tex [10]
<Images/GDL/inva_equi.png, id=430, 580.1675pt x 150.06062pt>
File: Images/GDL/inva_equi.png Graphic file (type png)
<use Images/GDL/inva_equi.png>
Package pdftex.def Info: Images/GDL/inva_equi.png  used on input line 11.
(pdftex.def)             Requested size: 469.47049pt x 121.42937pt.
 [11 <./Images/GDL/inva_equi.png>] [12] [13] [14] [15] [16] [17])) [18]
Ch\uhorn \ohorn ng 4.
(chapters/GDL.tex (chapters/GDL/tong_quan_gdl.tex [19

] [20] [21]
<Images/GDL/gdl_data.png, id=526, 616.55344pt x 231.11343pt>
File: Images/GDL/gdl_data.png Graphic file (type png)
<use Images/GDL/gdl_data.png>
Package pdftex.def Info: Images/GDL/gdl_data.png  used on input line 55.
(pdftex.def)             Requested size: 328.6279pt x 123.18777pt.
<Images/GDL/gdl_model_data.png, id=530, 621.07031pt x 371.88937pt>
File: Images/GDL/gdl_model_data.png Graphic file (type png)
<use Images/GDL/gdl_model_data.png>
Package pdftex.def Info: Images/GDL/gdl_model_data.png  used on input line 64.
(pdftex.def)             Requested size: 469.47049pt x 281.1124pt.
 [22 <./Images/GDL/gdl_data.png>] (chapters/GDL/graph.tex
<Images/GDL/graph/graph_vd.png, id=543, 636.12656pt x 273.27094pt>
File: Images/GDL/graph/graph_vd.png Graphic file (type png)
<use Images/GDL/graph/graph_vd.png>
Package pdftex.def Info: Images/GDL/graph/graph_vd.png  used on input line 6.
(pdftex.def)             Requested size: 328.6279pt x 141.17183pt.
 [23 <./Images/GDL/gdl_model_data.png>]
<Images/GDL/graph/graph_represent.png, id=552, 260.47313pt x 201.75375pt>
File: Images/GDL/graph/graph_represent.png Graphic file (type png)
<use Images/GDL/graph/graph_represent.png>
Package pdftex.def Info: Images/GDL/graph/graph_represent.png  used on input line 15.
(pdftex.def)             Requested size: 328.6279pt x 254.54662pt.
 [24 <./Images/GDL/graph/graph_vd.png> <./Images/GDL/graph/graph_represent.png>]
<Images/GDL/graph/inva_equi_permutation.png, id=563, 339.76938pt x 241.90375pt>
File: Images/GDL/graph/inva_equi_permutation.png Graphic file (type png)
<use Images/GDL/graph/inva_equi_permutation.png>
Package pdftex.def Info: Images/GDL/graph/inva_equi_permutation.png  used on input line 25.
(pdftex.def)             Requested size: 469.47049pt x 334.26308pt.
<Images/GDL/graph/gnn_structure.png, id=566, 513.41812pt x 240.9pt>
File: Images/GDL/graph/gnn_structure.png Graphic file (type png)
<use Images/GDL/graph/gnn_structure.png>
Package pdftex.def Info: Images/GDL/graph/gnn_structure.png  used on input line 32.
(pdftex.def)             Requested size: 469.47049pt x 220.28165pt.
 [25 <./Images/GDL/graph/inva_equi_permutation.png>]
<Images/GDL/graph/message_passing.png, id=575, 446.41782pt x 149.8097pt>
File: Images/GDL/graph/message_passing.png Graphic file (type png)
<use Images/GDL/graph/message_passing.png>
Package pdftex.def Info: Images/GDL/graph/message_passing.png  used on input line 42.
(pdftex.def)             Requested size: 328.6279pt x 110.28366pt.
 [26 <./Images/GDL/graph/gnn_structure.png> <./Images/GDL/graph/message_passing.png>]
<Images/GDL/graph/gcn_gat.png, id=587, 313.17pt x 241.90375pt>
File: Images/GDL/graph/gcn_gat.png Graphic file (type png)
<use Images/GDL/graph/gcn_gat.png>
Package pdftex.def Info: Images/GDL/graph/gcn_gat.png  used on input line 53.
(pdftex.def)             Requested size: 328.6279pt x 253.8514pt.
<Images/GDL/graph/deepset.png, id=591, 249.18094pt x 217.5628pt>
File: Images/GDL/graph/deepset.png Graphic file (type png)
<use Images/GDL/graph/deepset.png>
Package pdftex.def Info: Images/GDL/graph/deepset.png  used on input line 65.
(pdftex.def)             Requested size: 187.78532pt x 163.96179pt.
 [27 <./Images/GDL/graph/gcn_gat.png>]
<Images/GDL/graph/transformer.png, id=603, 408.77719pt x 248.42813pt>
File: Images/GDL/graph/transformer.png Graphic file (type png)
<use Images/GDL/graph/transformer.png>
Package pdftex.def Info: Images/GDL/graph/transformer.png  used on input line 74.
(pdftex.def)             Requested size: 328.6279pt x 199.72835pt.
 [28 <./Images/GDL/graph/deepset.png> <./Images/GDL/graph/transformer.png>]
<Images/GDL/graph/gnn_geometric.png, id=615, 617.30624pt x 295.1025pt>
File: Images/GDL/graph/gnn_geometric.png Graphic file (type png)
<use Images/GDL/graph/gnn_geometric.png>
Package pdftex.def Info: Images/GDL/graph/gnn_geometric.png  used on input line 85.
(pdftex.def)             Requested size: 469.47049pt x 224.43782pt.
 [29 <./Images/GDL/graph/gnn_geometric.png>]
<Images/GDL/graph/manifold.png, id=628, 313.17pt x 270.51062pt>
File: Images/GDL/graph/manifold.png Graphic file (type png)
<use Images/GDL/graph/manifold.png>
Package pdftex.def Info: Images/GDL/graph/manifold.png  used on input line 98.
(pdftex.def)             Requested size: 328.6279pt x 283.87115pt.
<Images/GDL/graph/grid_ex.png, id=633, 402.00188pt x 178.41656pt>
File: Images/GDL/graph/grid_ex.png Graphic file (type png)
<use Images/GDL/graph/grid_ex.png>
Package pdftex.def Info: Images/GDL/graph/grid_ex.png  used on input line 108.
(pdftex.def)             Requested size: 328.6279pt x 145.85059pt.
 [30 <./Images/GDL/graph/manifold.png>]
<Images/GDL/graph/grid_agg.png, id=645, 406.51875pt x 169.38281pt>
File: Images/GDL/graph/grid_agg.png Graphic file (type png)
<use Images/GDL/graph/grid_agg.png>
Package pdftex.def Info: Images/GDL/graph/grid_agg.png  used on input line 118.
(pdftex.def)             Requested size: 328.6279pt x 136.9331pt.
)
<Images/GDL/grid_conv/grid_conv.png, id=649, 434.37282pt x 225.09094pt>
File: Images/GDL/grid_conv/grid_conv.png Graphic file (type png)
<use Images/GDL/grid_conv/grid_conv.png>
Package pdftex.def Info: Images/GDL/grid_conv/grid_conv.png  used on input line 78.
(pdftex.def)             Requested size: 469.47049pt x 243.2938pt.
 [31 <./Images/GDL/graph/grid_ex.png> <./Images/GDL/graph/grid_agg.png>]
<Images/GDL/grid_conv/shift_matrix.png, id=661, 396.7322pt x 395.22656pt>
File: Images/GDL/grid_conv/shift_matrix.png Graphic file (type png)
<use Images/GDL/grid_conv/shift_matrix.png>
Package pdftex.def Info: Images/GDL/grid_conv/shift_matrix.png  used on input line 89.
(pdftex.def)             Requested size: 187.78532pt x 187.07721pt.
 [32 <./Images/GDL/grid_conv/grid_conv.png>]
<Images/GDL/grid_conv/CSSC.png, id=670, 719.68875pt x 307.1475pt>
File: Images/GDL/grid_conv/CSSC.png Graphic file (type png)
<use Images/GDL/grid_conv/CSSC.png>
Package pdftex.def Info: Images/GDL/grid_conv/CSSC.png  used on input line 98.
(pdftex.def)             Requested size: 469.47049pt x 200.36525pt.
 [33 <./Images/GDL/grid_conv/shift_matrix.png> <./Images/GDL/grid_conv/CSSC.png>]
<Images/GDL/grid_conv/convolution_diagon.png, id=679, 733.23938pt x 234.1247pt>
File: Images/GDL/grid_conv/convolution_diagon.png Graphic file (type png)
<use Images/GDL/grid_conv/convolution_diagon.png>
Package pdftex.def Info: Images/GDL/grid_conv/convolution_diagon.png  used on input line 107.
(pdftex.def)             Requested size: 469.47049pt x 149.90358pt.
 (chapters/GDL/tong_quat_hoa_conv.tex [34 <./Images/GDL/grid_conv/convolution_diagon.png>]
<Images/GDL/sphere_conv/sphere_img.png, id=690, 521.69907pt x 272.51813pt>
File: Images/GDL/sphere_conv/sphere_img.png Graphic file (type png)
<use Images/GDL/sphere_conv/sphere_img.png>
Package pdftex.def Info: Images/GDL/sphere_conv/sphere_img.png  used on input line 23.
(pdftex.def)             Requested size: 328.6279pt x 171.66653pt.
 [35] [36 <./Images/GDL/sphere_conv/sphere_img.png>] [37]
<Images/GDL/manifold_mesh/why_mani.png, id=722, 685.8122pt x 338.01282pt>
File: Images/GDL/manifold_mesh/why_mani.png Graphic file (type png)
<use Images/GDL/manifold_mesh/why_mani.png>
Package pdftex.def Info: Images/GDL/manifold_mesh/why_mani.png  used on input line 57.
(pdftex.def)             Requested size: 375.57782pt x 185.11333pt.
 [38 <./Images/GDL/manifold_mesh/why_mani.png>]
<Images/GDL/manifold_mesh/protein.png, id=733, 732.48656pt x 377.91188pt>
File: Images/GDL/manifold_mesh/protein.png Graphic file (type png)
<use Images/GDL/manifold_mesh/protein.png>
Package pdftex.def Info: Images/GDL/manifold_mesh/protein.png  used on input line 72.
(pdftex.def)             Requested size: 469.47049pt x 242.21452pt.
 [39]
<Images/GDL/manifold_mesh/E_CNN.png, id=744, 700.86844pt x 298.86656pt>
File: Images/GDL/manifold_mesh/E_CNN.png Graphic file (type png)
<use Images/GDL/manifold_mesh/E_CNN.png>
Package pdftex.def Info: Images/GDL/manifold_mesh/E_CNN.png  used on input line 86.
(pdftex.def)             Requested size: 469.47049pt x 200.1985pt.
 [40 <./Images/GDL/manifold_mesh/protein.png>]
<Images/GDL/manifold_mesh/sp_cnn_ex.png, id=753, 700.86844pt x 316.93407pt>
File: Images/GDL/manifold_mesh/sp_cnn_ex.png Graphic file (type png)
<use Images/GDL/manifold_mesh/sp_cnn_ex.png>
Package pdftex.def Info: Images/GDL/manifold_mesh/sp_cnn_ex.png  used on input line 93.
(pdftex.def)             Requested size: 469.47049pt x 212.3012pt.
<Images/GDL/manifold_mesh/mobius_ex.png, id=756, 743.77875pt x 306.39468pt>
File: Images/GDL/manifold_mesh/mobius_ex.png Graphic file (type png)
<use Images/GDL/manifold_mesh/mobius_ex.png>
Package pdftex.def Info: Images/GDL/manifold_mesh/mobius_ex.png  used on input line 100.
(pdftex.def)             Requested size: 469.47049pt x 193.399pt.
 [41 <./Images/GDL/manifold_mesh/E_CNN.png> <./Images/GDL/manifold_mesh/sp_cnn_ex.png>]
<Images/GDL/manifold_mesh/local_global_inv.png, id=770, 700.86844pt x 330.48468pt>
File: Images/GDL/manifold_mesh/local_global_inv.png Graphic file (type png)
<use Images/GDL/manifold_mesh/local_global_inv.png>
Package pdftex.def Info: Images/GDL/manifold_mesh/local_global_inv.png  used on input line 114.
(pdftex.def)             Requested size: 469.47049pt x 221.37819pt.
 [42 <./Images/GDL/manifold_mesh/mobius_ex.png>] [43 <./Images/GDL/manifold_mesh/local_global_inv.png>]
<Images/GDL/manifold_mesh/mani_cnn/mani_cnn.png, id=786, 383.18156pt x 388.45125pt>
File: Images/GDL/manifold_mesh/mani_cnn/mani_cnn.png Graphic file (type png)
<use Images/GDL/manifold_mesh/mani_cnn/mani_cnn.png>
Package pdftex.def Info: Images/GDL/manifold_mesh/mani_cnn/mani_cnn.png  used on input line 154.
(pdftex.def)             Requested size: 469.47049pt x 475.95473pt.
 [44]
<Images/GDL/manifold_mesh/mani_cnn/app_mani.png, id=795, 1445.4pt x 813.0375pt>
File: Images/GDL/manifold_mesh/mani_cnn/app_mani.png Graphic file (type png)
<use Images/GDL/manifold_mesh/mani_cnn/app_mani.png>
Package pdftex.def Info: Images/GDL/manifold_mesh/mani_cnn/app_mani.png  used on input line 162.
(pdftex.def)             Requested size: 469.47049pt x 264.07278pt.
 [45 <./Images/GDL/manifold_mesh/mani_cnn/mani_cnn.png>]
<Images/GDL/manifold_mesh/mani_cnn/computer_graphic.png, id=805, 682.80093pt x 368.1253pt>
File: Images/GDL/manifold_mesh/mani_cnn/computer_graphic.png Graphic file (type png)
<use Images/GDL/manifold_mesh/mani_cnn/computer_graphic.png>
Package pdftex.def Info: Images/GDL/manifold_mesh/mani_cnn/computer_graphic.png  used on input line 170.
(pdftex.def)             Requested size: 469.47049pt x 253.1136pt.
 [46 <./Images/GDL/manifold_mesh/mani_cnn/app_mani.png>]
<Images/GDL/manifold_mesh/mani_cnn/3d_hand.png, id=815, 810.02625pt x 337.26pt>
File: Images/GDL/manifold_mesh/mani_cnn/3d_hand.png Graphic file (type png)
<use Images/GDL/manifold_mesh/mani_cnn/3d_hand.png>
Package pdftex.def Info: Images/GDL/manifold_mesh/mani_cnn/3d_hand.png  used on input line 178.
(pdftex.def)             Requested size: 469.47049pt x 195.47198pt.
) (chapters/GDL/gdl_nlp.tex [47 <./Images/GDL/manifold_mesh/mani_cnn/computer_graphic.png> <./Images/GDL/manifold_mesh/mani_cnn/3d_hand.png>]
<Images/GDL/amr_ex.png, id=828, 407.5225pt x 264.99pt>
File: Images/GDL/amr_ex.png Graphic file (type png)
<use Images/GDL/amr_ex.png>
Package pdftex.def Info: Images/GDL/amr_ex.png  used on input line 11.
(pdftex.def)             Requested size: 469.47049pt x 305.28603pt.
 [48]
<Images/GDL/amr_ex_text.png, id=838, 280.79906pt x 126.4725pt>
File: Images/GDL/amr_ex_text.png Graphic file (type png)
<use Images/GDL/amr_ex_text.png>
Package pdftex.def Info: Images/GDL/amr_ex_text.png  used on input line 20.
(pdftex.def)             Requested size: 469.47049pt x 211.46304pt.
 [49 <./Images/GDL/amr_ex.png (PNG copy)>] [50 <./Images/GDL/amr_ex_text.png>] [51]
<Images/GDL/amr_2_sym.png, id=857, 683.55376pt x 232.87pt>
File: Images/GDL/amr_2_sym.png Graphic file (type png)
<use Images/GDL/amr_2_sym.png>
Package pdftex.def Info: Images/GDL/amr_2_sym.png  used on input line 52.
(pdftex.def)             Requested size: 469.47049pt x 159.94138pt.
 [52 <./Images/GDL/amr_2_sym.png>]
<Images/GDL/new_AMR_structure.png, id=865, 868.74562pt x 464.4853pt>
File: Images/GDL/new_AMR_structure.png Graphic file (type png)
<use Images/GDL/new_AMR_structure.png>
Package pdftex.def Info: Images/GDL/new_AMR_structure.png  used on input line 73.
(pdftex.def)             Requested size: 469.47049pt x 251.00969pt.
 [53] [54 <./Images/GDL/new_AMR_structure.png>]
<Images/GDL/amr_translation.png, id=879, 877.02657pt x 519.44063pt>
File: Images/GDL/amr_translation.png Graphic file (type png)
<use Images/GDL/amr_translation.png>
Package pdftex.def Info: Images/GDL/amr_translation.png  used on input line 85.
(pdftex.def)             Requested size: 469.47049pt x 278.06047pt.
 [55 <./Images/GDL/amr_translation.png>]
<Images/GDL/Riemanian_motivation.png, id=887, 946.28531pt x 536.75531pt>
File: Images/GDL/Riemanian_motivation.png Graphic file (type png)
<use Images/GDL/Riemanian_motivation.png>
Package pdftex.def Info: Images/GDL/Riemanian_motivation.png  used on input line 101.
(pdftex.def)             Requested size: 469.47049pt x 266.28848pt.
))) [56 <./Images/GDL/Riemanian_motivation.png>]
Ch\uhorn \ohorn ng 5.
(chapters/GDL/3D_TFN.tex
<Images/tong_quan_bt.png, id=894, 241.90375pt x 100.375pt>
File: Images/tong_quan_bt.png Graphic file (type png)
<use Images/tong_quan_bt.png>
Package pdftex.def Info: Images/tong_quan_bt.png  used on input line 8.
(pdftex.def)             Requested size: 328.6279pt x 136.37492pt.
 [57

] [58 <./Images/tong_quan_bt.png>]
<Images/TFN/data_img.png, id=910, 853.1875pt x 459.7175pt>
File: Images/TFN/data_img.png Graphic file (type png)
<use Images/TFN/data_img.png>
Package pdftex.def Info: Images/TFN/data_img.png  used on input line 26.
(pdftex.def)             Requested size: 375.57782pt x 202.37453pt.
 [59 <./Images/TFN/data_img.png (PNG copy)>]
<Images/TFN/acc_re.png, id=917, 549.05125pt x 414.54875pt>
File: Images/TFN/acc_re.png Graphic file (type png)
<use Images/TFN/acc_re.png>
Package pdftex.def Info: Images/TFN/acc_re.png  used on input line 66.
(pdftex.def)             Requested size: 328.6279pt x 248.13023pt.
 [60]
<Images/TFN/result.png, id=926, 746.79pt x 781.92125pt>
File: Images/TFN/result.png Graphic file (type png)
<use Images/TFN/result.png>
Package pdftex.def Info: Images/TFN/result.png  used on input line 77.
(pdftex.def)             Requested size: 469.47049pt x 491.55112pt.
 [61 <./Images/TFN/acc_re.png (PNG copy)>]) [62 <./Images/TFN/result.png>]
Ch\uhorn \ohorn ng 6.
(chapters/Conclusion.tex [63

]) [64]
LaTeX Font Info:    Trying to load font information for T5+cmtt on input line 252.
 (C:\D\latex\mike_tex\tex/latex/vntex\t5cmtt.fd
File: t5cmtt.fd 1999/05/25 v2.5h Standard LaTeX font definitions
) [65

] [66]

pdfTeX warning: pdflatex (file ./nhan_xet_thuc_tap.pdf): PDF inclusion: found PDF version <1.7>, but at most version <1.5> allowed
<nhan_xet_thuc_tap.pdf, id=993, 614.295pt x 794.97pt>
File: nhan_xet_thuc_tap.pdf Graphic file (type pdf)
<use nhan_xet_thuc_tap.pdf>
Package pdftex.def Info: nhan_xet_thuc_tap.pdf  used on input line 256.
(pdftex.def)             Requested size: 614.29349pt x 794.96806pt.


pdfTeX warning: pdflatex (file ./nhan_xet_thuc_tap.pdf): PDF inclusion: found PDF version <1.7>, but at most version <1.5> allowed
File: nhan_xet_thuc_tap.pdf Graphic file (type pdf)
<use nhan_xet_thuc_tap.pdf>
Package pdftex.def Info: nhan_xet_thuc_tap.pdf  used on input line 256.
(pdftex.def)             Requested size: 614.29349pt x 794.96806pt.


pdfTeX warning: pdflatex (file ./nhan_xet_thuc_tap.pdf): PDF inclusion: found PDF version <1.7>, but at most version <1.5> allowed


pdfTeX warning: pdflatex (file ./nhan_xet_thuc_tap.pdf): PDF inclusion: found PDF version <1.7>, but at most version <1.5> allowed
<nhan_xet_thuc_tap.pdf, id=996, page=1, 614.295pt x 794.97pt>
File: nhan_xet_thuc_tap.pdf Graphic file (type pdf)
<use nhan_xet_thuc_tap.pdf, page 1>
Package pdftex.def Info: nhan_xet_thuc_tap.pdf , page1 used on input line 256.
(pdftex.def)             Requested size: 614.29349pt x 794.96806pt.
File: nhan_xet_thuc_tap.pdf Graphic file (type pdf)
<use nhan_xet_thuc_tap.pdf, page 1>
Package pdftex.def Info: nhan_xet_thuc_tap.pdf , page1 used on input line 256.
(pdftex.def)             Requested size: 597.78697pt x 773.60669pt.
[67]
File: nhan_xet_thuc_tap.pdf Graphic file (type pdf)
<use nhan_xet_thuc_tap.pdf, page 1>
Package pdftex.def Info: nhan_xet_thuc_tap.pdf , page1 used on input line 256.
(pdftex.def)             Requested size: 597.78697pt x 773.60669pt.
File: nhan_xet_thuc_tap.pdf Graphic file (type pdf)
<use nhan_xet_thuc_tap.pdf, page 1>
Package pdftex.def Info: nhan_xet_thuc_tap.pdf , page1 used on input line 256.
(pdftex.def)             Requested size: 597.78697pt x 773.60669pt.
File: nhan_xet_thuc_tap.pdf Graphic file (type pdf)
<use nhan_xet_thuc_tap.pdf, page 1>
Package pdftex.def Info: nhan_xet_thuc_tap.pdf , page1 used on input line 256.
(pdftex.def)             Requested size: 597.78697pt x 773.60669pt.
 [68

 <./nhan_xet_thuc_tap.pdf>] (main_New.aux)
 ***********
LaTeX2e <2023-11-01> patch level 1
L3 programming layer <2024-01-04>
 ***********
Package rerunfilecheck Info: File `main_New.out' has not changed.
(rerunfilecheck)             Checksum: AC71F0DED8E798A50FC8B1DBB043E3E7;7044.
Package logreq Info: Writing requests to 'main_New.run.xml'.
\openout1 = `main_New.run.xml'.

 ) 
Here is how much of TeX's memory you used:
 46666 strings out of 474486
 1026149 string characters out of 5755486
 1946166 words of memory out of 5000000
 68038 multiletter control sequences out of 15000+600000
 579579 words of font info for 72 fonts, out of 8000000 for 9000
 1141 hyphenation exceptions out of 8191
 108i,17n,107p,1239b,1857s stack positions out of 10000i,1000n,20000p,200000b,200000s
 <C:\Users\tam\AppData\Local\MiKTeX\fonts/pk/ljfour/jknappen/ec/dpi600\tcrm1440.pk><C:/D/latex/mike_tex/fonts/type1/public/amsfonts/cm/cmbx12.pfb><C:/D/latex/mike_tex/fonts/type1/public/amsfonts/cm/cmex10.pfb><C:/D/latex/mike_tex/fonts/type1/public/amsfonts/cm/cmmi10.pfb><C:/D/latex/mike_tex/fonts/type1/public/amsfonts/cm/cmmi12.pfb><C:/D/latex/mike_tex/fonts/type1/public/amsfonts/cm/cmmi7.pfb><C:/D/latex/mike_tex/fonts/type1/public/amsfonts/cm/cmr10.pfb><C:/D/latex/mike_tex/fonts/type1/public/amsfonts/cm/cmr12.pfb><C:/D/latex/mike_tex/fonts/type1/public/amsfonts/cm/cmr7.pfb><C:/D/latex/mike_tex/fonts/type1/public/amsfonts/cm/cmsy10.pfb><C:/D/latex/mike_tex/fonts/type1/public/amsfonts/cm/cmsy7.pfb><C:/D/latex/mike_tex/fonts/type1/public/amsfonts/symbols/msbm10.pfb><C:/D/latex/mike_tex/fonts/type1/vntex/vnr/vnbx12.pfb><C:/D/latex/mike_tex/fonts/type1/vntex/vnr/vncsc10.pfb><C:/D/latex/mike_tex/fonts/type1/vntex/vnr/vnr12.pfb><C:/D/latex/mike_tex/fonts/type1/vntex/vnr/vnr17.pfb><C:/D/latex/mike_tex/fonts/type1/vntex/vnr/vnsl12.pfb><C:/D/latex/mike_tex/fonts/type1/vntex/vnr/vnti12.pfb><C:/D/latex/mike_tex/fonts/type1/vntex/vnr/vntt12.pfb>
Output written on main_New.pdf (75 pages, 7601747 bytes).
PDF statistics:
 1156 PDF objects out of 1200 (max. 8388607)
 187 named destinations out of 1000 (max. 500000)
 526 words of extra memory for PDF output out of 10000 (max. 10000000)

